Iteration	Posterior	Likelihood	Prior	rate_log_sd	rate_loss	tree_length
0	-5882.905	-6056.392	173.4866	1.194921	1.262646	4.775658
6	-5878.991	-6052.036	173.0449	1.193094	1.582402	4.886249
12	-5879.443	-6052.828	173.3853	1.084405	1.606212	4.747661
18	-5887.321	-6059.049	171.7282	1.157642	1.723609	5.58067
24	-5888.594	-6060.767	172.1727	1.068771	1.523812	5.461069
30	-5889.914	-6061.992	172.0782	1.160258	1.527924	5.461069
36	-5882.316	-6052.416	170.1001	1.097664	1.371796	6.637876
42	-5881.083	-6052.487	171.4041	1.090212	1.373095	5.932971
48	-5883.39	-6056.544	173.1537	1.032715	1.449	4.969026
54	-5876.232	-6048.165	171.9329	1.044174	1.449	5.636726
60	-5882.33	-6055.113	172.7831	1.142497	1.349032	5.156741
66	-5877.755	-6050.904	173.1482	1.075626	1.250057	5.036377
72	-5879.106	-6053.32	174.213	1.272842	1.250057	4.329773
78	-5885.93	-6058.935	173.005	1.182248	1.74409	4.853428
84	-5886.449	-6060.06	173.6104	1.200138	1.246347	4.711211
90	-5884.106	-6058.402	174.296	1.316728	1.451978	4.166693
96	-5885.841	-6059.94	174.0987	1.255025	1.553479	4.271373
102	-5887.329	-6061.525	174.1957	1.219434	1.412928	4.295589
108	-5882.833	-6056.632	173.7986	1.205751	1.412928	4.527234
114	-5883.114	-6055.839	172.7251	1.145929	1.422581	5.155146
120	-5882.487	-6054.215	171.7288	1.013893	1.421325	5.77674
126	-5888.107	-6061.068	172.9613	1.151783	1.268473	5.089237
132	-5888.89	-6060.904	172.014	1.146216	1.528706	5.503794
138	-5887.46	-6060.166	172.7066	1.161036	1.633183	5.072447
144	-5888.97	-6057.822	168.8515	1.017263	1.620286	7.255271
150	-5881.688	-6054.201	172.5131	1.10799	1.427244	5.291374
156	-5883.521	-6056.874	173.3528	1.208849	1.427244	4.769132
162	-5874.376	-6048.274	173.8985	1.328479	1.562397	4.339502
168	-5880.222	-6054.395	174.1722	1.264092	1.643698	4.188805
174	-5884.944	-6059.52	174.5758	1.307546	1.335134	4.0644
180	-5881.28	-6056.785	175.5048	1.254614	1.414769	3.523719
186	-5888.376	-6061.624	173.2472	1.282475	1.391903	4.802186
192	-5880.698	-6054.386	173.6883	1.282475	1.735493	4.41741
198	-5884.698	-6058.277	173.5787	1.221257	1.744672	4.510237
204	-5884.268	-6057.008	172.7405	1.102307	1.041163	5.351676
210	-5890.674	-6062.869	172.1942	0.9878389	1.288018	5.593914
216	-5890.745	-6062.455	171.7097	1.035372	1.324813	5.816921
222	-5875.575	-6047.983	172.4075	1.154026	1.451112	5.314294
228	-5880.5	-6052.983	172.4828	1.124724	1.407912	5.307064
234	-5879.214	-6050.569	171.3544	0.9576012	1.633737	5.928037
240	-5881.601	-6054.333	172.7323	1.121406	1.633737	5.079973
246	-5885.007	-6057.11	172.1032	1.121406	1.78988	5.370603
252	-5884.459	-6056.874	172.4158	1.047694	1.397533	5.390914
258	-5888.585	-6059.916	171.3309	1.027605	1.642106	5.899483
264	-5879.932	-6052.375	172.4433	1.079221	1.542655	5.29862
270	-5881.655	-6054.637	172.9827	1.189852	1.614334	4.91024
276	-5882.564	-6055.881	173.3168	1.147066	1.234575	4.91024
282	-5883.108	-6057.219	174.1103	1.193101	1.032364	4.543873
288	-5886.866	-6059.1	172.2344	1.198503	1.604791	5.323811
294	-5884.811	-6057.581	172.7702	1.089385	1.3392	5.197584
300	-5892.759	-6064.515	171.7553	1.104798	1.448698	5.701037
306	-5889.023	-6062.348	173.3248	1.168157	1.522923	4.76777
312	-5893.857	-6066.712	172.8554	1.106205	1.468829	5.085624
318	-5885.586	-6059.1	173.5142	1.152174	1.527794	4.668786
324	-5880.555	-6052.549	171.9937	1.081543	1.527794	5.55088
330	-5889.543	-6062.183	172.6402	1.208333	1.694205	5.060127
336	-5885.099	-6059.065	173.9667	1.161105	1.358501	4.481697
342	-5875.179	-6046.657	171.478	1.090299	1.75021	5.745254
348	-5872.2	-6044.349	172.1486	1.00776	1.390342	5.563004
354	-5871.25	-6042.393	171.143	1.050334	1.394844	6.087826
360	-5874.315	-6045.358	171.0436	0.9558754	1.630901	6.099508
366	-5871.734	-6043.294	171.5596	1.074894	1.48155	5.81109
372	-5871.317	-6043.158	171.8406	0.9902205	1.49893	5.696561
378	-5875.736	-6048.143	172.4078	1.08378	1.60388	5.291779
384	-5878.651	-6050.993	172.3414	1.140775	1.617485	5.291779
390	-5874.372	-6046.216	171.8442	1.075331	1.617485	5.601541
396	-5871.462	-6043.732	172.2696	1.190858	1.617485	5.303754
402	-5876.754	-6049.268	172.5147	1.149279	1.844173	5.108709
408	-5876.09	-6049.394	173.3046	1.158184	1.505846	4.79156
414	-5885.126	-6057.303	172.1768	1.192363	1.809086	5.284084
420	-5885.424	-6056.716	171.292	0.9947842	1.170126	6.138471
426	-5885.166	-6056.142	170.9762	1.005409	1.193653	6.29314
432	-5881.022	-6052.288	171.2662	1.022919	1.484463	5.99858
438	-5877.383	-6050.266	172.8831	1.013705	1.216327	5.233517
444	-5876.868	-6048.381	171.5128	0.9846696	1.327882	5.950872
450	-5884.49	-6055.125	170.6349	0.9578025	1.327882	6.442999
456	-5887.843	-6058.826	170.9828	1.037243	1.816335	6.021629
462	-5881.713	-6054.707	172.9936	1.169622	1.57307	4.931555
468	-5883.003	-6056.143	173.1406	1.182845	1.358853	4.931555
474	-5879.169	-6051.363	172.1936	1.188419	1.584869	5.359574
480	-5888.316	-6060.764	172.4478	1.161047	1.584869	5.23438
486	-5884.105	-6056.971	172.8661	1.08767	1.149851	5.23438
492	-5887.111	-6059.792	172.6804	1.070458	1.358238	5.249329
498	-5892.941	-6066.5	173.559	1.178838	1.28784	4.732506
504	-5894.978	-6067.461	172.483	1.060494	1.629398	5.253353
510	-5899.324	-6070.702	171.3777	1.062311	1.331699	5.980539
516	-5887.19	-6059.691	172.5007	1.101306	1.50677	5.269106
522	-5892.478	-6064.917	172.4384	1.064145	1.647503	5.269106
528	-5897.513	-6068.686	171.1726	1.012537	1.355155	6.109282
534	-5883.898	-6054.689	170.7907	1.012537	1.342376	6.322459
540	-5880.028	-6051.961	171.9332	1.009819	1.385464	5.682145
546	-5888.098	-6058.239	170.1411	1.045406	1.160038	6.739807
552	-5879.392	-6049.733	170.3419	0.9540267	1.409442	6.568924
558	-5883.007	-6054.813	171.8055	1.005661	1.331944	5.77763
564	-5873.882	-6045.369	171.487	0.9993969	1.62408	5.83635
570	-5877.492	-6049.962	172.4707	1.037487	1.086649	5.512055
576	-5888.388	-6059.404	171.0155	0.9655829	1.464166	6.174625
582	-5886.882	-6058.794	171.9118	1.033973	1.878579	5.493469
588	-5881.09	-6052.564	171.4734	1.056458	1.364706	5.917171
594	-5880.504	-6051.291	170.7874	0.9450228	1.219072	6.416389
600	-5894.399	-6066.391	171.992	1.133013	1.471413	5.546305
606	-5892.949	-6065.406	172.457	1.253498	1.610734	5.168132
612	-5895.207	-6068.321	173.1146	1.23915	1.753549	4.75707
618	-5896.848	-6071.053	174.2048	1.274592	1.835877	4.092754
624	-5883.346	-6056.682	173.3355	1.074366	1.436364	4.849965
630	-5882.621	-6056.587	173.966	1.194785	1.621449	4.353518
636	-5888.467	-6061.117	172.6494	1.177626	1.420885	5.180207
642	-5894.054	-6066.975	172.9214	1.100675	1.183164	5.180207
648	-5889.993	-6062.525	172.5323	1.063065	1.441733	5.299488
654	-5891.94	-6063.878	171.9374	1.043978	1.179483	5.754772
660	-5887.19	-6060.313	173.1225	1.12635	1.179483	5.056336
666	-5888.003	-6061.606	173.6031	1.136817	1.243066	4.752274
672	-5891.137	-6065.089	173.9515	1.136817	1.22489	4.565799
678	-5880.894	-6054.269	173.3755	1.128783	1.371677	4.825169
684	-5920.171	-6091.225	171.0545	1.009663	1.307298	6.196089
690	-5887.345	-6059.32	171.9753	1.036449	1.127942	5.763447
696	-5887.634	-6060.297	172.6634	1.07189	1.137736	5.361049
702	-5886.907	-6059.403	172.4965	1.077738	1.263769	5.389301
708	-5880.208	-6052.228	172.02	1.107339	1.301172	5.61805
714	-5881.464	-6053.876	172.4121	0.9829944	1.171677	5.531583
720	-5885.726	-6057.413	171.6876	1.064712	1.452735	5.758416
726	-5893.033	-6066.624	173.5911	1.173737	1.50378	4.623435
732	-5898.104	-6068.517	170.4134	1.029751	1.364677	6.508125
738	-5901.324	-6071.379	170.0547	0.9291807	1.499748	6.700947
744	-5889.42	-6061.621	172.2002	0.995493	1.246342	5.605549
750	-5883.243	-6054.768	171.5244	0.9906444	1.37286	5.921753
756	-5889.046	-6060.463	171.4166	1.006819	1.37286	5.971752
762	-5883.647	-6055.217	171.5693	1.093864	1.412371	5.823993
768	-5882.882	-6056.248	173.3662	1.093864	1.429893	4.824737
774	-5882.23	-6055.366	173.1367	1.22477	1.271873	4.949731
780	-5887.568	-6062.151	174.5831	1.239934	1.292528	4.118455
786	-5888.967	-6063.463	174.4961	1.389712	1.806514	3.87094
792	-5900.101	-6074.591	174.49	1.389712	1.504257	3.992472
798	-5890.984	-6064.202	173.2179	1.319914	1.507304	4.749066
804	-5884.942	-6057.252	172.3096	1.102753	1.145471	5.534982
810	-5881.167	-6053.168	172.0005	1.107759	1.539464	5.528097
816	-5885.853	-6057.089	171.2359	1.009756	1.461418	6.031642
822	-5882.071	-6054.185	172.1145	1.127394	1.215709	5.59457
828	-5886.466	-6057.469	171.0028	1.108478	1.647113	6.032552
834	-5872.628	-6043.836	171.2086	1.035603	1.461172	6.032552
840	-5880.761	-6051.538	170.7765	0.9530679	1.275659	6.391991
846	-5885.033	-6055.977	170.9439	1.052506	1.637432	6.09876
852	-5878.098	-6049.347	171.2491	1.048653	1.557154	5.965039
858	-5875.884	-6048.378	172.4941	1.074848	1.630534	5.238843
864	-5877.046	-6049.84	172.7946	1.162439	1.54381	5.057684
870	-5880.391	-6052.468	172.0763	1.148472	1.69408	5.405026
876	-5881.277	-6055.03	173.7537	1.233389	1.367757	4.556731
882	-5887.058	-6060.48	173.4218	1.214757	1.567456	4.669562
888	-5874.931	-6047.394	172.4634	1.173872	1.298706	5.338577
894	-5874.905	-6046.536	171.6307	1.076002	1.674859	5.696789
900	-5872.302	-6045.165	172.8631	1.104579	1.674859	5.001201
906	-5873.468	-6045.609	172.1413	1.053964	1.674859	5.428348
912	-5868.339	-6041.806	173.4661	1.130965	1.298253	4.80634
918	-5872.663	-6046.36	173.6964	1.155519	1.38429	4.625286
924	-5869.293	-6042.778	173.485	1.197467	1.361305	4.730244
930	-5867.953	-6039.754	171.8019	1.133794	1.491054	5.642236
936	-5881.493	-6053.604	172.1105	1.033553	1.228508	5.642236
942	-5879.106	-6051.714	172.6085	1.0882	1.406443	5.258417
948	-5879.31	-6051.531	172.2214	0.9797541	1.348333	5.556565
954	-5887.217	-6059.794	172.5774	1.13938	1.411181	5.245326
960	-5877.426	-6050.55	173.1244	1.155257	1.33852	4.964955
966	-5881.053	-6053.699	172.646	1.126422	1.94734	5.013557
972	-5882.006	-6053.657	171.6512	1.117424	1.974521	5.558983
978	-5883.141	-6056.863	173.7225	1.261548	1.974521	4.325869
984	-5882.674	-6058.089	175.4152	1.339666	1.266694	3.59537
990	-5876.497	-6050.818	174.321	1.276419	1.261581	4.261177
996	-5875.654	-6049.932	174.2773	1.26349	1.563924	4.161046
1002	-5884.503	-6059.23	174.7266	1.201729	1.033366	4.190402
1008	-5880.052	-6055.103	175.051	1.319286	1.370523	3.769154
1014	-5889.208	-6064.798	175.5892	1.365895	1.370523	3.429518
1020	-5884.467	-6059.967	175.5002	1.383087	1.464119	3.429518
1026	-5886.802	-6059.098	172.2959	1.283922	1.352718	5.346165
1032	-5878.181	-6052.179	173.9983	1.236186	1.78267	4.251065
1038	-5877.814	-6049.802	171.9876	1.110928	1.656508	5.488466
1044	-5877.42	-6049.418	171.9985	1.138124	1.639263	5.473967
1050	-5881.818	-6054.762	172.944	1.138124	1.770344	4.902516
1056	-5890.943	-6064.34	173.3975	1.195673	1.557983	4.697647
1062	-5885.089	-6057.097	172.0083	1.143443	1.610621	5.476538
1068	-5879.043	-6050.333	171.2894	1.136878	1.472377	5.928608
1074	-5883.894	-6056.968	173.0741	1.136878	1.668219	4.868296
1080	-5880.061	-6054.017	173.9551	1.253823	1.692848	4.298835
1086	-5879.694	-6052.728	173.0331	1.251421	1.57271	4.864135
1092	-5882.019	-6055.117	173.098	1.193744	1.436531	4.915698
1098	-5878.376	-6051.909	173.5327	1.171621	1.636242	4.604705
1104	-5883.877	-6059.215	175.3377	1.225267	1.077956	3.803197
1110	-5885.79	-6057.979	172.1897	1.0434	1.380656	5.524989
1116	-5880.192	-6051.754	171.5619	0.9908179	1.400419	5.889409
1122	-5903.087	-6074.285	171.1979	1.055151	1.24882	6.119692
1128	-5892.931	-6064.085	171.1541	1.057605	1.298491	6.119692
1134	-5884.815	-6056.704	171.8888	1.0272	1.398194	5.69152
1140	-5880.759	-6053.679	172.9198	1.095342	1.394629	5.087223
1146	-5886.789	-6058.078	171.2896	1.088754	1.626905	5.894351
1152	-5881.393	-6054.237	172.8444	1.136683	1.263272	5.164807
1158	-5880.178	-6052.008	171.8304	1.032683	1.5436	5.661102
1164	-5881.689	-6053.589	171.8999	1.018592	1.32391	5.722421
1170	-5879.829	-6051.859	172.0292	1.056995	1.192087	5.691272
1176	-5889.49	-6061.67	172.1804	0.9699904	1.120418	5.691272
1182	-5888.177	-6058.691	170.5144	1.043763	1.456201	6.407575
1188	-5890.329	-6061.136	170.8076	0.9839892	1.349379	6.325756
1194	-5891.999	-6064.325	172.3255	0.9839892	1.290011	5.522997
1200	-5893.475	-6066.237	172.7613	1.015505	1.290011	5.265461
1206	-5891.423	-6062.747	171.3239	1.104731	1.188279	6.052448
1212	-5889.605	-6060.584	170.9782	0.9550179	1.174479	6.328568
1218	-5878.25	-6051.019	172.769	1.066087	1.396162	5.186313
1224	-5877.14	-6049.492	172.3526	1.144066	1.466973	5.343496
1230	-5889.255	-6061.715	172.4599	1.05851	1.267879	5.418141
1236	-5887.03	-6059.742	172.7122	1.078274	1.373201	5.22091
1242	-5890.986	-6062.462	171.4754	1.07153	1.257411	5.95554
1248	-5901.71	-6073.143	171.4323	1.052487	1.388521	5.931541
1254	-5888.576	-6060.54	171.964	1.076667	1.388521	5.627305
1260	-5891.008	-6062.272	171.2644	1.0661	1.249018	6.077464
1266	-5885.015	-6057.264	172.2489	1.100662	1.542975	5.393903
1272	-5892.749	-6065.264	172.5149	1.159724	1.265477	5.333161
1278	-5893.165	-6065.657	172.4918	1.132544	1.316096	5.337839
1284	-5879.909	-6052.934	173.0246	1.065668	1.266387	5.102859
1290	-5879.076	-6052.038	172.9615	1.128769	1.266387	5.102859
1296	-5876.291	-6049.485	173.1941	1.128769	1.321304	4.948603
1302	-5879.103	-6052.684	173.5808	1.215221	1.37341	4.661347
1308	-5884.316	-6057.183	172.8664	1.097086	1.149894	5.228977
1314	-5883.026	-6054.532	171.5059	1.049809	1.381888	5.895677
1320	-5874.756	-6046.348	171.5911	0.9462849	1.221803	5.977284
1326	-5875.561	-6046.258	170.6974	0.9660449	1.257555	6.43603
1332	-5888.635	-6058.785	170.1501	0.911078	1.215496	6.781177
1338	-5887.82	-6057.939	170.119	0.9696863	1.183942	6.781177
1344	-5889.363	-6061.479	172.1163	1.133309	1.279467	5.560701
1350	-5882.478	-6053.693	171.2149	1.023302	1.504561	6.018289
1356	-5881.14	-6052.42	171.28	1.151346	1.258068	6.018289
1362	-5880.813	-6051.233	170.4198	1.108461	1.435981	6.432074
1368	-5880.119	-6052.628	172.5083	1.108461	1.475827	5.273562
1374	-5883.268	-6055.782	172.514	1.108461	1.796974	5.148226
1380	-5893.63	-6065.469	171.8389	1.085531	1.367868	5.69993
1386	-5892.245	-6063.755	171.51	1.056027	1.186734	5.97831
1392	-5890.879	-6061.668	170.789	0.9760249	1.477808	6.286543
1398	-5896.511	-6066.843	170.3311	0.9248285	1.380358	6.602809
1404	-5889.552	-6060.211	170.6589	0.9893714	1.576676	6.311076
1410	-5888.957	-6060.99	172.0323	1.11766	1.576676	5.490596
1416	-5887.366	-6059.273	171.9066	1.11766	1.427813	5.619684
1422	-5885.946	-6059.342	173.3956	1.159448	1.292805	4.832268
1428	-5882.718	-6056.095	173.3768	1.120389	1.385677	4.823045
1434	-5887.038	-6057.916	170.8778	1.00014	1.339808	6.282996
1440	-5885.321	-6057.133	171.8121	1.063247	1.328391	5.744041
1446	-5884.117	-6055.034	170.9176	1.047278	1.381365	6.217876
1452	-5891.653	-6061.783	170.1303	1.017114	1.441404	6.636039
1458	-5890.826	-6062.705	171.8791	1.065317	1.307109	5.715671
1464	-5884.463	-6056.052	171.5885	0.9585927	1.434058	5.87841
1470	-5879.702	-6051.198	171.4957	1.07669	1.401007	5.87841
1476	-5879.223	-6048.933	169.71	0.9892051	1.541625	6.838191
1482	-5877.775	-6049.476	171.7012	1.010987	1.240105	5.873311
1488	-5891.599	-6063.122	171.5231	1.048731	1.461944	5.853375
1494	-5897.104	-6069.463	172.358	1.149869	1.423302	5.355494
1500	-5887.042	-6059.542	172.4998	1.086453	1.323691	5.355494
1506	-5880.276	-6052.979	172.7033	1.059246	1.204071	5.313536
1512	-5890.76	-6063.558	172.7983	1.11331	1.420879	5.133386
1518	-5881.416	-6054.256	172.8404	1.108255	1.297513	5.167015
1524	-5884.007	-6056.935	172.9279	1.108255	1.346867	5.096437
1530	-5886.853	-6059.695	172.8424	1.047775	1.237428	5.227164
1536	-5880.957	-6053.525	172.5682	1.049721	1.107282	5.441082
1542	-5884.848	-6057.232	172.3838	1.067581	1.298507	5.441082
1548	-5895.695	-6065.156	169.4604	0.9806474	1.560833	6.969973
1554	-5897.364	-6068.628	171.2634	0.9058606	1.226592	6.175588
1560	-5887.487	-6059.443	171.9566	1.062107	1.127341	5.759941
1566	-5898.546	-6070.801	172.2547	0.9696969	1.342353	5.546415
1572	-5896.363	-6069.304	172.9411	1.090513	1.034959	5.250814
1578	-5896.4	-6068.524	172.1243	0.981763	1.596469	5.507061
1584	-5900.287	-6071.94	171.6531	0.887848	1.266845	5.954486
1590	-5889.364	-6060.623	171.2597	1.00202	1.478281	6.016029
1596	-5887.482	-6058.644	171.1613	0.992344	1.528452	6.054921
1602	-5888.618	-6060.339	171.7216	1.078787	1.528452	5.70146
1608	-5891.239	-6064.014	172.7755	1.1473	1.704912	5.014916
1614	-5889.912	-6062.65	172.7385	1.169909	1.539938	5.086222
1620	-5890.745	-6062.187	171.4417	1.121079	1.581195	5.81092
1626	-5883.722	-6055.627	171.9055	1.005626	1.334658	5.721717
1632	-5879.7	-6051.56	171.8605	1.022144	1.370448	5.721717
1638	-5880.094	-6050.212	170.1174	0.9491383	1.554186	6.634928
1644	-5879.538	-6052.429	172.8906	0.9771862	1.344092	5.190891
1650	-5902.522	-6078.142	175.6204	1.315949	1.849698	3.243703
1656	-5888.373	-6062.545	174.1721	1.180902	1.685922	4.219863
1662	-5891.892	-6062.554	170.6616	0.9669524	1.662777	6.289404
1668	-5894.57	-6065.424	170.854	0.9669524	1.392556	6.291352
1674	-5885.687	-6057.717	172.0294	1.05261	1.549125	5.538705
1680	-5897.572	-6069.239	171.6675	1.095812	1.414302	5.768368
1686	-5900.8	-6072.557	171.7574	1.00674	1.494075	5.735079
1692	-5892.226	-6063.516	171.2906	0.9762943	1.32921	6.076056
1698	-5884.37	-6055.613	171.2433	0.9762943	1.365661	6.08597
1704	-5883.279	-6054.511	171.2315	0.9807071	1.110284	6.208524
1710	-5886.211	-6057.766	171.5551	0.9904529	1.164171	6.000329
1716	-5890.862	-6061.42	170.5583	1.003048	1.255285	6.492386
1722	-5894.951	-6066.147	171.1961	1.056232	1.200025	6.142889
1728	-5887.587	-6059.699	172.1116	1.008972	1.669569	5.47143
1734	-5897.73	-6067.345	169.6148	1.000005	1.459301	6.916308
1740	-5897.068	-6066.611	169.5434	0.9437554	1.60846	6.927045
1746	-5891.975	-6062.494	170.5192	0.9578034	1.714926	6.35276
1752	-5888.919	-6059.948	171.0293	0.995726	1.501696	6.135582
1758	-5895.187	-6065.834	170.6466	0.995726	1.363132	6.400808
1764	-5890.239	-6062.728	172.4891	1.030267	1.589241	5.282119
1770	-5892.959	-6064.749	171.7902	1.030267	1.582809	5.669191
1776	-5895.634	-6068.198	172.5643	1.03694	1.569104	5.244704
1782	-5877.776	-6052.104	174.3274	1.328974	1.268431	4.224513
1788	-5886.177	-6060.209	174.0326	1.122308	1.008243	4.640509
1794	-5884.712	-6058.57	173.858	1.236193	1.070792	4.640509
1800	-5887.369	-6059.471	172.102	1.1205	1.309621	5.56196
1806	-5879.032	-6053.807	174.7741	1.292241	1.207268	4.020827
1812	-5891.622	-6066.411	174.7887	1.35907	1.207268	3.974334
1818	-5891.318	-6066.242	174.9231	1.226499	1.21624	3.968801
1824	-5888.323	-6062.284	173.9617	1.202848	1.222431	4.524168
1830	-5893.552	-6064.845	171.2939	1.05273	1.2136	6.08514
1836	-5895.451	-6068.548	173.0962	1.05273	1.339804	5.036999
1842	-5892.496	-6065.03	172.5339	1.134109	1.255069	5.341626
1848	-5892.664	-6064.025	171.3606	1.161847	1.186143	6.002365
1854	-5893.61	-6064.987	171.3777	1.016898	1.426602	5.964767
1860	-5890.343	-6062.82	172.4768	1.114403	1.521052	5.269309
1866	-5902.409	-6075.148	172.7381	1.181238	1.367856	5.15194
1872	-5879.917	-6053.345	173.4274	1.183292	1.166855	4.861348
1878	-5882.11	-6055.034	172.9243	1.167822	1.346607	5.065503
1884	-5893.925	-6066.41	172.4856	1.120016	1.400931	5.311082
1890	-5896.781	-6067.035	170.2547	1.082192	1.650946	6.452028
1896	-5895.345	-6067.723	172.3788	1.100321	1.290503	5.429451
1902	-5897.721	-6071.278	173.5572	1.173626	1.504717	4.64208
1908	-5892.705	-6065.303	172.5977	1.091573	1.4528	5.243019
1914	-5884.32	-6055.925	171.605	0.9719446	1.403522	5.874853
1920	-5887.176	-6058.749	171.5733	1.022471	1.354994	5.885335
1926	-5886.75	-6058.784	172.0338	1.166678	1.268011	5.592936
1932	-5887.091	-6059.397	172.3056	1.128905	1.503449	5.362917
1938	-5880.69	-6052.427	171.7368	1.118917	1.503449	5.681083
1944	-5892.61	-6066.079	173.4696	1.190927	1.216756	4.809187
1950	-5888.697	-6061.615	172.9183	1.109639	1.53713	5.02098
1956	-5884.352	-6057.76	173.4081	1.147177	1.278255	4.838858
1962	-5888.844	-6059.713	170.8691	0.9649642	1.382847	6.288358
1968	-5887.464	-6059.186	171.7217	1.00358	1.28909	5.843715
1974	-5876.698	-6047.474	170.7762	0.9861282	1.28909	6.368155
1980	-5892.879	-6065.102	172.2235	1.058922	1.194674	5.582341
1986	-5894.332	-6066.192	171.8596	1.058922	1.209603	5.774726
1992	-5879.593	-6051.096	171.5032	1.019194	1.412169	5.901042
1998	-5888.37	-6060.26	171.8899	0.9591403	1.112851	5.860021
2004	-5886.432	-6057.783	171.3504	0.9811808	1.525731	5.958941
2010	-5878.883	-6051.631	172.7483	1.132761	1.117331	5.290898
2016	-5881.188	-6054.054	172.8657	1.134606	1.605632	5.009379
2022	-5879.853	-6052.873	173.0199	1.120758	1.717173	4.889226
2028	-5889.724	-6063.505	173.7813	1.09232	1.417864	4.598529
2034	-5886.962	-6060.399	173.4368	1.156656	1.698525	4.643224
2040	-5882.915	-6056.483	173.5685	1.156656	1.184902	4.788575
2046	-5876.844	-6050.462	173.6174	1.156656	1.433327	4.647722
2052	-5873.183	-6046.644	173.4607	1.214511	1.637745	4.620458
2058	-5876.174	-6050.223	174.0484	1.246152	1.264212	4.431075
2064	-5877.057	-6050.426	173.3693	1.220467	1.53691	4.707995
2070	-5873.095	-6046.31	173.2156	1.187029	1.498413	4.828148
2076	-5878.473	-6052.65	174.177	1.214637	1.387244	4.320115
2082	-5886.163	-6060.472	174.3098	1.215971	1.373129	4.250444
2088	-5875.719	-6048.696	172.9764	1.172168	1.373129	5.022512
2094	-5877.439	-6051.262	173.8226	1.172283	1.472103	4.507419
2100	-5880.549	-6053.377	172.8285	0.9931225	1.140482	5.312024
2106	-5886.546	-6056.565	170.019	0.9968443	1.70048	6.607819
2112	-5887.01	-6057.739	170.729	1.077706	1.472125	6.266205
2118	-5885.494	-6057.124	171.6295	1.010006	1.530034	5.78892
2124	-5879.556	-6051.049	171.4932	1.084522	1.61745	5.78892
2130	-5878.638	-6050.445	171.8074	0.9836377	1.33462	5.787462
2136	-5874.916	-6046.518	171.602	1.13345	1.308704	5.829374
2142	-5887.396	-6059.415	172.0192	1.109958	1.546695	5.51376
2148	-5897.165	-6069.046	171.8809	1.126208	1.72438	5.51376
2154	-5885.849	-6056.885	171.0356	1.019018	1.361483	6.177595
2160	-5890.88	-6063.079	172.1991	1.019018	1.58521	5.449771
2166	-5886.808	-6059.262	172.4544	1.065879	1.540228	5.300855
2172	-5878.505	-6050.842	172.3368	1.073724	1.323093	5.452581
2178	-5883.807	-6056.717	172.91	1.020346	1.039405	5.304344
2184	-5892.129	-6062.629	170.4997	0.9622738	1.434288	6.468705
2190	-5889.429	-6059.606	170.1765	1.039532	1.507413	6.572352
2196	-5886.952	-6057.744	170.7921	0.9713377	1.17522	6.420337
2202	-5882.896	-6055.564	172.6676	1.208017	1.489351	5.12482
2208	-5885.449	-6059.84	174.3908	1.208017	1.112938	4.334343
2214	-5883.831	-6057.323	173.4921	1.186476	1.295009	4.762293
2220	-5893.859	-6066.746	172.8867	1.075384	1.571202	5.044033
2226	-5904.433	-6077.695	173.2627	1.131288	1.086549	5.022723
2232	-5905.391	-6078.493	173.1016	1.209142	1.380386	4.929197
2238	-5899.801	-6074.513	174.7118	1.224415	1.380386	4.013762
2244	-5892.75	-6065.678	172.9285	1.1947	1.487585	4.988189
2250	-5887.256	-6059.013	171.7568	1.211057	1.262598	5.723028
2256	-5887.141	-6060.663	173.5223	1.184588	1.843632	4.526995
2262	-5877.759	-6051.376	173.6173	1.235824	1.233995	4.693253
2268	-5877.059	-6049.277	172.2179	1.111087	1.233995	5.538101
2274	-5888.439	-6059.57	171.1315	1.111087	1.280577	6.11095
2280	-5885.615	-6058.707	173.0916	1.11982	1.492649	4.93701
2286	-5886.491	-6058.606	172.1142	1.16351	1.242016	5.562543
2292	-5887.425	-6059.622	172.197	1.110136	1.436115	5.460712
2298	-5892.111	-6064.469	172.358	1.037442	1.494005	5.388271
2304	-5880.505	-6053.542	173.0377	1.152995	1.494005	4.948029
2310	-5875.903	-6048.086	172.1836	1.067566	1.528919	5.45367
2316	-5881.154	-6053.609	172.4549	1.063089	1.179172	5.460302
2322	-5878.432	-6052.533	174.1008	1.135531	1.343586	4.427245
2328	-5877.075	-6051.105	174.0299	1.201068	1.064382	4.567176
2334	-5878.887	-6052.2	173.3131	1.188655	1.46143	4.788153
2340	-5888.819	-6061.304	172.4843	1.188655	1.397974	5.275144
2346	-5888.966	-6061.131	172.1655	1.067966	1.263566	5.576839
2352	-5893.357	-6066.7	173.3434	1.190828	1.19028	4.89242
2358	-5890.608	-6064.741	174.1331	1.190828	1.657105	4.247388
2364	-5891.304	-6065.325	174.022	1.190828	1.378551	4.424949
2370	-5888.569	-6061.801	173.2324	1.117342	1.28617	4.949653
2376	-5886.758	-6059.262	172.5035	1.107422	1.433692	5.294304
2382	-5887.295	-6060.853	173.5581	1.21739	1.575847	4.588381
2388	-5896.854	-6070.126	173.2718	1.207655	1.581278	4.752003
2394	-5895.618	-6069.618	173.9995	1.207655	1.275609	4.474918
2400	-5894.354	-6067.59	173.2363	1.168623	1.634414	4.772988
2406	-5897.233	-6069.943	172.71	1.168623	1.69618	5.042676
2412	-5883.984	-6058.72	174.7359	1.278935	1.587591	3.880827
2418	-5883.767	-6058.416	174.6492	1.273773	1.248524	4.082493
2424	-5886.68	-6060.337	173.6571	1.179318	1.430845	4.61382
2430	-5898.771	-6070.442	171.6711	1.061369	1.297425	5.836009
2436	-5892.081	-6065.141	173.0606	1.17354	1.297425	5.008772
2442	-5878.565	-6051.093	172.5278	1.089342	1.351402	5.326171
2448	-5887.617	-6060.011	172.3941	1.181366	1.53549	5.272233
2454	-5891.001	-6064.818	173.8174	1.207742	1.253896	4.587403
2460	-5888.556	-6063.193	174.6369	1.222743	1.498175	4.006477
2466	-5884.126	-6056.252	172.1263	1.148315	1.207018	5.580715
2472	-5892.922	-6064.486	171.5638	0.9895974	1.59705	5.80996
2478	-5885.273	-6057.21	171.9366	1.029537	1.238411	5.735134
2484	-5882.063	-6053.611	171.5471	1.048438	1.671886	5.7588
2490	-5886.994	-6057.711	170.717	1.11113	1.527118	6.232619
2496	-5876.267	-6048.658	172.3903	1.108448	1.444943	5.351485
2502	-5879.192	-6051.72	172.5286	1.098054	1.296311	5.345473
2508	-5877.474	-6049.083	171.6094	1.02444	1.387592	5.850539
2514	-5880.612	-6052.694	172.0815	1.017043	1.384629	5.59717
2520	-5887.045	-6059.002	171.9564	1.058212	1.495346	5.59717
2526	-5888.1	-6060.627	172.527	1.134522	1.396401	5.282141
2532	-5890.692	-6062.659	171.9661	1.070579	1.297133	5.669575
2538	-5881.531	-6053.918	172.3874	1.050492	1.219686	5.484991
2544	-5887.134	-6058.819	171.6856	1.008548	1.177655	5.912705
2550	-5884.007	-6054.447	170.4395	1.000293	1.668224	6.389867
2556	-5889.46	-6061.342	171.8818	1.102119	1.617803	5.566031
2562	-5887.519	-6060.465	172.9463	1.143502	1.461572	5.017479
2568	-5890.203	-6063.455	173.2529	1.180605	1.284357	4.903901
2574	-5873.214	-6046.511	173.2967	1.176892	1.615945	4.741714
2580	-5874.155	-6047.709	173.5538	1.138019	1.323953	4.741714
2586	-5882.995	-6056.555	173.5599	1.134267	1.587013	4.629559
2592	-5904.411	-6076.936	172.5252	1.123756	1.062764	5.447056
2598	-5902.805	-6076.647	173.8416	1.202643	1.067137	4.670431
2604	-5883.719	-6057.541	173.8222	1.200224	1.486883	4.485722
2610	-5886.013	-6059.938	173.9245	1.126587	1.652761	4.403282
2616	-5882.276	-6053.948	171.6721	1.055458	1.162408	5.901844
2622	-5886.365	-6059.145	172.7803	1.130602	1.269551	5.200751
2628	-5885.695	-6058.367	172.672	1.08785	1.460664	5.200751
2634	-5890.895	-6063.26	172.3653	1.099703	1.485847	5.353229
2640	-5887.893	-6060.931	173.0386	1.014718	1.246592	5.132541
2646	-5895.42	-6068.403	172.9835	1.080391	1.234202	5.132541
2652	-5885.406	-6058.036	172.6302	1.127218	1.273125	5.283891
2658	-5892.842	-6064.974	172.1314	1.121502	1.655223	5.403936
2664	-5883.636	-6057.316	173.6798	1.135648	1.166858	4.747086
2670	-5888.012	-6061.499	173.4876	1.130186	1.514103	4.701576
2676	-5878.329	-6051.196	172.8676	1.161269	1.814779	4.916361
2682	-5868.434	-6041.773	173.3391	1.130253	1.328819	4.863696
2688	-5883.539	-6056.92	173.3815	1.11606	1.119003	4.948435
2694	-5883.104	-6054.76	171.6561	1.069226	1.399161	5.795563
2700	-5893.691	-6063.71	170.0196	0.9729294	1.213637	6.819114
2706	-5888.701	-6061.311	172.6095	1.141527	1.353046	5.251537
2712	-5892.875	-6064.048	171.1732	0.9705243	1.301587	6.155352
2718	-5900.688	-6071.475	170.7869	1.115757	1.520586	6.194676
2724	-5896.671	-6067.597	170.9254	1.003473	1.1505	6.342546
2730	-5896.559	-6069.431	172.8722	1.136956	1.633385	4.993819
2736	-5902.747	-6076.584	173.8371	1.199038	1.588908	4.436628
2742	-5892.268	-6063.089	170.8212	1.080512	1.24654	6.311816
2748	-5893.386	-6065.19	171.8034	1.113578	1.305692	5.731356
2754	-5886.501	-6059.605	173.104	1.139611	1.468108	4.929236
2760	-5890.89	-6063.887	172.9968	1.178177	1.562297	4.929236
2766	-5884.166	-6056.129	171.9622	1.145716	1.347812	5.608004
2772	-5888.085	-6060.48	172.3949	1.115252	1.33415	5.392801
2778	-5890.025	-6061.058	171.0334	0.9884654	1.132224	6.301034
2784	-5889.844	-6060.72	170.8762	0.9821927	1.322866	6.301034
2790	-5890.245	-6061.418	171.1735	1.057536	1.912189	5.87402
2796	-5881.446	-6054.181	172.7349	1.084326	1.51965	5.143734
2802	-5888.864	-6061.31	172.4459	1.109089	1.37687	5.34937
2808	-5891.612	-6064.31	172.6976	1.096838	1.416027	5.200325
2814	-5897.675	-6071.134	173.4585	1.138966	1.158394	4.872891
2820	-5895.245	-6068.63	173.3848	1.100001	1.36293	4.839883
2826	-5895.158	-6068.772	173.6131	1.165591	1.343292	4.68446
2832	-5881.391	-6054.302	172.9115	1.167637	1.41353	5.043641
2838	-5879.182	-6051.818	172.6357	1.151843	1.074562	5.36454
2844	-5886.087	-6059.211	173.1245	1.133453	1.041251	5.122149
2850	-5882.02	-6054.965	172.9444	1.140334	1.213872	5.130643
2856	-5889.325	-6061.559	172.2342	1.101351	1.419742	5.451977
2862	-5891.756	-6064.768	173.012	1.180018	1.292217	5.03453
2868	-5894.47	-6066.245	171.7747	1.109898	1.141629	5.826231
2874	-5887.908	-6060.189	172.2816	1.076421	1.66904	5.340812
2880	-5897.494	-6071.53	174.0358	1.160552	1.246226	4.494889
2886	-5887.915	-6060.766	172.8511	1.138598	1.294864	5.14553
2892	-5889.021	-6062.293	173.2721	1.133769	1.312941	4.906193
2898	-5885.676	-6058.296	172.62	1.148241	1.421875	5.212341
2904	-5882.118	-6054.193	172.0744	1.160941	1.426218	5.504363
2910	-5885.041	-6057.123	172.0822	1.067877	1.426218	5.551226
2916	-5882.347	-6054.761	172.4132	1.110571	1.232799	5.431518
2922	-5876.275	-6048.121	171.8463	1.034761	1.272181	5.766163
2928	-5885.507	-6057.639	172.1315	1.058933	1.455462	5.516906
2934	-5885.738	-6058.038	172.2999	1.129278	1.163364	5.516906
2940	-5885.303	-6056.091	170.7887	1.015585	1.737353	6.166895
2946	-5884.925	-6057.579	172.6536	1.116325	1.336877	5.248235
2952	-5878.339	-6051.219	172.8805	1.149117	1.25325	5.142607
2958	-5883.768	-6057.259	173.4915	1.174444	1.218828	4.805154
2964	-5890.907	-6062.778	171.8713	1.081833	1.295838	5.715955
2970	-5881.349	-6053.83	172.4811	1.099589	1.235774	5.398753
2976	-5878.926	-6052.333	173.4069	1.179603	1.643804	4.66782
2982	-5882.221	-6054.73	172.5084	1.075245	1.273743	5.379497
2988	-5889.756	-6062.509	172.7525	1.147654	1.271165	5.205947
2994	-5886.947	-6059.842	172.8949	1.214425	1.509716	4.986845
3000	-5884.286	-6056.822	172.5355	1.187373	1.39718	5.24792
3006	-5880.786	-6053.346	172.5603	1.059748	1.463892	5.276647
3012	-5887.44	-6058.64	171.1996	1.104014	1.535183	5.97046
3018	-5894	-6066.105	172.1049	1.110217	1.099299	5.666472
3024	-5887.175	-6059.99	172.815	1.093297	1.099299	5.285068
3030	-5887.836	-6061.087	173.2513	1.177346	1.335532	4.883372
3036	-5890.374	-6063.394	173.0195	1.176693	1.460204	4.958914
3042	-5884.021	-6054.196	170.1751	0.9905215	1.617332	6.557316
3048	-5885.63	-6055.274	169.6441	1.036012	1.483977	6.871201
3054	-5904.65	-6076.311	171.6617	1.027683	1.259975	5.876558
3060	-5889.946	-6061.572	171.6258	1.058073	1.169934	5.922082
3066	-5889.87	-6061.055	171.1843	1.098446	1.692945	5.922082
3072	-5890.725	-6065.174	174.4489	1.174482	1.273315	4.24092
3078	-5893.648	-6068.075	174.4265	1.20638	1.342207	4.203658
3084	-5893.799	-6067.663	173.864	1.280896	1.512687	4.406077
3090	-5895.921	-6067.827	171.9063	1.039529	1.524843	5.623102
3096	-5886.872	-6058.828	171.9567	1.055979	1.434854	5.623102
3102	-5895.062	-6066.385	171.3231	0.9636282	1.40059	6.034524
3108	-5898.89	-6070.916	172.0255	1.031596	1.40059	5.613115
3114	-5887.156	-6059.701	172.5459	1.057145	1.387275	5.318369
3120	-5893.684	-6066.726	173.0425	1.060292	1.209119	5.12291
3126	-5888.373	-6059.234	170.8617	0.9501315	1.262958	6.353073
3132	-5885.712	-6057.488	171.7763	1.044124	1.413829	5.737297
3138	-5879.209	-6049.855	170.6459	0.9811025	1.608465	6.310541
3144	-5882.192	-6053.068	170.8758	0.9430407	1.42217	6.280096
3150	-5906.932	-6078.902	171.9692	1.112493	1.373403	5.611248
3156	-5897.483	-6069.35	171.8663	0.9787789	1.373403	5.74099
3162	-5892.506	-6064.432	171.926	1.043824	1.154456	5.773262
3168	-5894.922	-6065.193	170.2714	1.036235	1.780777	6.421324
3174	-5898.899	-6069.025	170.126	0.9585492	1.628058	6.597185
3180	-5896.917	-6069.108	172.1909	0.9949893	1.48152	5.508695
3186	-5886.285	-6057.174	170.8892	1.109845	1.48152	6.15782
3192	-5887.359	-6060.77	173.4104	1.230515	1.28086	4.789855
3198	-5885.687	-6059.377	173.6893	1.243195	1.646673	4.472469
3204	-5885.396	-6058.688	173.2921	1.273559	1.646673	4.678388
3210	-5877.068	-6049.987	172.9186	1.091087	1.527172	5.035154
3216	-5891.8	-6062.898	171.0981	1.043486	1.931144	5.91663
3222	-5888.527	-6060.47	171.9435	1.093289	1.178823	5.724695
3228	-5886.365	-6059.843	173.4781	1.112232	1.336371	4.792843
3234	-5885.53	-6059.79	174.2599	1.184884	1.336371	4.312845
3240	-5892.662	-6065.104	172.4422	1.092004	1.651857	5.24999
3246	-5895.456	-6068.037	172.5808	1.099932	1.44737	5.24999
3252	-5881.214	-6052.998	171.7835	1.063504	1.784754	5.580187
3258	-5881.457	-6054.371	172.9134	1.09436	1.472771	5.058347
3264	-5876.817	-6049.986	173.169	1.147128	1.313863	4.955739
3270	-5878.64	-6051.576	172.9363	1.072569	1.323527	5.121941
3276	-5872.734	-6044.163	171.4293	1.132923	1.468141	5.856061
3282	-5873.859	-6044.73	170.8705	1.008371	1.111977	6.388708
3288	-5877.253	-6050.289	173.0358	1.049027	1.438932	5.029696
3294	-5881.345	-6054.307	172.9622	1.086821	1.486778	5.029696
3300	-5891.946	-6064.386	172.4405	1.148807	1.182284	5.419568
3306	-5893.227	-6066.252	173.0251	1.134858	1.237814	5.077569
3312	-5893.736	-6066.412	172.6766	1.064124	1.521742	5.186395
3318	-5886	-6058.347	172.3469	1.07294	1.412605	5.408572
3324	-5886.276	-6058.819	172.5429	1.08428	1.366484	5.314018
3330	-5893.959	-6065.706	171.7463	0.9884157	1.366484	5.804385
3336	-5884.543	-6056.846	172.3037	1.112548	1.450918	5.394472
3342	-5887.206	-6060.163	172.9577	1.069988	1.536507	5.021412
3348	-5885.207	-6058.246	173.0392	1.179745	1.288225	5.021412
3354	-5892.263	-6064.895	172.6313	1.082691	1.264074	5.312048
3360	-5887.498	-6060.343	172.8455	1.111803	1.344703	5.141069
3366	-5886.893	-6059.113	172.2203	1.076816	1.154406	5.593888
3372	-5889.235	-6061.266	172.0311	1.090426	1.423351	5.568134
3378	-5891.098	-6062.562	171.4643	1.023995	1.180951	6.023456
3384	-5893.129	-6067.386	174.2569	1.232644	1.735718	4.123512
3390	-5885.678	-6060.366	174.6888	1.263187	1.605552	3.909645
3396	-5887.839	-6062.918	175.0799	1.212075	1.171655	3.909645
3402	-5877.012	-6051.324	174.3115	1.308704	1.171655	4.29217
3408	-5885.155	-6057.467	172.3125	1.161219	1.843893	5.21418
3414	-5883.215	-6056.926	173.711	1.266987	1.5611	4.480443
3420	-5900.392	-6072.067	171.6754	1.107598	1.551717	5.701838
3426	-5898.042	-6069.286	171.2442	1.095572	1.652436	5.905852
3432	-5894.444	-6065.387	170.9433	0.9940215	1.410991	6.220381
3438	-5891.035	-6062.178	171.1421	1.080402	1.076005	6.220381
3444	-5886.619	-6059.348	172.7289	1.123711	1.391297	5.178701
3450	-5888.286	-6061.763	173.4764	1.112402	1.368877	4.779255
3456	-5891.354	-6064.879	173.5247	1.278661	1.368877	4.659245
3462	-5883.926	-6058.861	174.9347	1.288751	1.20221	3.933535
3468	-5898.746	-6072.81	174.0638	1.227509	1.106139	4.511208
3474	-5886.103	-6060.239	174.1363	1.163166	1.037905	4.543034
3480	-5885.003	-6058.266	173.2627	1.134501	1.37077	4.885251
3486	-5893.408	-6066.141	172.7331	1.117001	1.204239	5.265066
3492	-5890.47	-6062.744	172.2737	1.099543	1.175263	5.541818
3498	-5875.285	-6048.771	173.4858	1.137689	1.250113	4.813942
3504	-5881.763	-6054.406	172.643	1.089579	1.311072	5.280388
3510	-5887.299	-6058.752	171.4527	1.028638	1.359005	5.946107
3516	-5896.557	-6068.298	171.7409	1.050818	1.461785	5.7331
3522	-5895.944	-6068.615	172.6713	1.068535	1.055868	5.400626
3528	-5882.744	-6055.654	172.9102	1.126764	1.652798	4.970984
3534	-5880.066	-6051.943	171.8769	1.218485	1.338356	5.619026
3540	-5879.671	-6050.628	170.957	1.012929	1.172428	6.30962
3546	-5885.363	-6056.132	170.769	1.022108	1.387648	6.30962
3552	-5884.542	-6057.553	173.0107	1.126488	1.455816	4.993572
3558	-5885.059	-6058.082	173.0235	1.045293	1.226062	5.133706
3564	-5880.228	-6052.161	171.9327	1.018048	1.475429	5.640338
3570	-5897.835	-6069.742	171.907	0.99	1.480708	5.667681
3576	-5879.938	-6052.132	172.1936	0.9861195	1.379511	5.554824
3582	-5881.744	-6054.535	172.7918	1.18571	1.379511	5.114607
3588	-5891.301	-6063.313	172.0126	1.14286	1.395516	5.561285
3594	-5890.469	-6062.68	172.2111	1.094223	1.276894	5.531292
3600	-5877.33	-6050.957	173.6267	1.154412	1.276894	4.713338
3606	-5886.408	-6058.847	172.4389	1.158419	1.457582	5.291816
3612	-5883.547	-6055.075	171.5279	1.06413	1.410712	5.86358
3618	-5882.915	-6055.479	172.5636	1.097199	1.315017	5.318223
3624	-5885.642	-6058.27	172.6286	1.09621	1.238039	5.318223
3630	-5880.752	-6053.583	172.8305	1.145407	1.465424	5.079069
3636	-5886.163	-6058.885	172.7224	1.107301	1.465424	5.160083
3642	-5899.124	-6071.089	171.9656	1.031983	1.211907	5.730362
3648	-5888.281	-6059.484	171.203	1.133928	1.678661	5.897723
3654	-5873.936	-6045.392	171.4565	0.999665	1.252653	6.007286
3660	-5876.919	-6048.536	171.6177	0.9884753	1.655624	5.758957
3666	-5883.95	-6055.452	171.502	1.172983	1.556848	5.758957
3672	-5887.624	-6060.625	173.001	1.08183	1.416916	5.040133
3678	-5891.728	-6064.685	172.957	1.044163	1.436103	5.077302
3684	-5883.524	-6056.054	172.5307	1.185972	1.196022	5.342691
3690	-5889.753	-6060.071	170.3175	1.043121	1.363671	6.553234
3696	-5882.554	-6054.402	171.8473	1.16448	1.282033	5.690065
3702	-5883.792	-6055.81	172.0178	1.149937	1.503668	5.509687
3708	-5887.59	-6059.93	172.3408	1.12984	1.728968	5.256588
3714	-5881.303	-6053.94	172.6368	1.12984	1.347965	5.245127
3720	-5888.507	-6061.302	172.795	1.047508	1.255307	5.245127
3726	-5895.096	-6068.004	172.9081	1.068458	1.582781	5.031469
3732	-5887.285	-6059.384	172.0984	1.070101	1.275461	5.607102
3738	-5886.187	-6059.486	173.2991	1.125596	1.183155	4.956834
3744	-5888.984	-6062.591	173.6069	1.112391	1.278067	4.747398
3750	-5898.245	-6071.203	172.9576	1.24575	1.629921	4.887109
3756	-5890.075	-6062.64	172.565	1.203678	1.241876	5.292196
3762	-5903.182	-6075.311	172.1288	1.063442	1.581113	5.465612
3768	-5886.995	-6058.76	171.7651	1.141414	1.735875	5.564898
3774	-5890.479	-6062.668	172.1887	1.208793	1.483648	5.391348
3780	-5882.019	-6054.359	172.3403	1.144741	1.401538	5.377336
3786	-5884.626	-6057.057	172.4311	1.125514	1.401538	5.337873
3792	-5889.486	-6062.543	173.0571	1.211885	1.299437	4.988474
3798	-5900.044	-6074.182	174.1378	1.107481	1.001991	4.593326
3804	-5883.779	-6057.268	173.4889	1.178911	1.429248	4.708936
3810	-5881.959	-6053.989	172.0304	1.088349	1.429248	5.56718
3816	-5892.124	-6064.221	172.0967	1.08222	1.352029	5.56718
3822	-5892.226	-6064.337	172.1109	0.9926614	1.474475	5.556821
3828	-5892.261	-6063.164	170.9029	1.022149	1.535749	6.176502
3834	-5891.689	-6063.804	172.1156	1.136828	1.67508	5.396799
3840	-5889.354	-6061.461	172.1076	1.185686	1.884887	5.299816
3846	-5881.318	-6054.575	173.2574	1.212253	1.361582	4.848922
3852	-5879.351	-6051.033	171.6816	1.064191	1.52073	5.734413
3858	-5878.378	-6049.468	171.0903	0.9848135	1.52073	6.100733
3864	-5881.89	-6052.152	170.2615	0.9776199	1.52073	6.554611
3870	-5885.386	-6056.243	170.8573	1.138492	1.703263	6.074871
3876	-5874.138	-6047.501	173.3633	1.208029	1.410265	4.770998
3882	-5879.151	-6052.66	173.5088	1.165172	1.252592	4.784631
3888	-5879.401	-6052.001	172.6004	1.082649	1.53408	5.213353
3894	-5885.506	-6057.96	172.4539	1.045877	1.200027	5.460282
3900	-5883.326	-6055.728	172.4017	1.045877	1.300294	5.442379
3906	-5884.027	-6055.895	171.8685	1.045877	1.300294	5.735199
3912	-5904.706	-6076.478	171.7718	1.032169	1.335783	5.779868
3918	-5897.833	-6069.417	171.5842	1.037138	1.147981	5.966921
3924	-5898.017	-6068.55	170.5329	1.022255	1.331182	6.461897
3930	-5889.309	-6061.794	172.4852	0.9970452	1.251709	5.445516
3936	-5890.306	-6062.707	172.4007	1.049185	1.273114	5.453486
3942	-5895.624	-6068.028	172.4048	1.162182	1.254052	5.397753
3948	-5890.895	-6063.151	172.256	1.062186	1.023237	5.649874
3954	-5885.335	-6057.518	172.1822	1.116703	1.372594	5.492248
3960	-5896.194	-6068.968	172.7743	1.057889	1.036363	5.360105
3966	-5892.257	-6064.609	172.3521	1.086564	1.366185	5.418098
3972	-5889.467	-6061.701	172.2342	1.093467	1.366185	5.479199
3978	-5899.957	-6071.577	171.62	1.111767	1.454198	5.76903
3984	-5889.409	-6060.768	171.359	1.101399	1.562028	5.874334
3990	-5887.785	-6058.874	171.0888	0.9997892	1.240712	6.212937
3996	-5878.173	-6049.307	171.1336	1.016838	1.476222	6.077519
4002	-5884.113	-6055.572	171.4586	1.097641	1.413805	5.881847
4008	-5884.649	-6056.428	171.7785	1.056083	1.414052	5.729471
4014	-5884.353	-6055.466	171.1133	0.9866875	1.503421	6.094047
4020	-5893.272	-6064.956	171.684	0.954713	1.155133	5.953934
4026	-5898.868	-6070.347	171.4793	0.9929421	1.13492	6.054656
4032	-5891.585	-6062.915	171.33	1.143009	1.428444	5.921195
4038	-5888.765	-6060.932	172.1675	1.07259	1.381388	5.520794
4044	-5892.094	-6064.321	172.2274	1.071255	1.308176	5.520794
4050	-5879.974	-6052.56	172.5865	1.13696	1.800814	5.090922
4056	-5872.111	-6045.558	173.4468	1.259372	1.343215	4.725043
4062	-5888.322	-6059.158	170.8351	1.086857	1.42209	6.224098
4068	-5885.54	-6057.365	171.825	1.051773	1.443385	5.694082
4074	-5880.236	-6051.657	171.4205	1.0575	1.696383	5.814097
4080	-5886.18	-6058.59	172.4104	1.112149	2.128845	5.093967
4086	-5878.751	-6052.238	173.4868	1.141443	1.194537	4.837941
4092	-5890.221	-6063.78	173.5593	1.07253	1.262797	4.803325
4098	-5894.435	-6065.016	170.5807	1.11522	1.359638	6.373266
4104	-5889.081	-6063.01	173.9285	1.278647	1.548213	4.356417
4110	-5879.928	-6053.182	173.2545	1.05118	1.198513	5.015502
4116	-5887.319	-6060.717	173.398	1.167196	1.20966	4.865762
4122	-5887.962	-6059.837	171.8757	1.109692	1.157399	5.763312
4128	-5890.863	-6062.41	171.5475	1.028916	1.265895	5.935575
4134	-5888.954	-6062.219	173.2651	1.132734	1.642157	4.773975
4140	-5881.196	-6052.139	170.943	1.061318	1.748144	6.054126
4146	-5881.547	-6052.672	171.1249	0.9856577	1.499635	6.089846
4152	-5888.122	-6059.051	170.9284	0.991429	1.347182	6.257033
4158	-5889.121	-6062.012	172.8913	1.063569	1.554976	5.054484
4164	-5893.146	-6065.569	172.4238	1.028546	1.428838	5.383815
4170	-5892.956	-6065.109	172.1532	1.116426	1.640495	5.400282
4176	-5882.622	-6055.895	173.2736	1.222606	1.24614	4.886781
4182	-5887.768	-6061.545	173.7772	1.135323	1.223708	4.66496
4188	-5879.8	-6052.21	172.4105	1.137074	1.601983	5.261595
4194	-5884.746	-6057.713	172.9673	1.150016	1.669133	4.920105
4200	-5896.674	-6069.793	173.119	1.245861	1.585633	4.814276
4206	-5891.392	-6065.217	173.8248	1.246964	1.735717	4.360328
4212	-5893.71	-6067.649	173.9383	1.123862	1.552299	4.436574
4218	-5891.631	-6064.064	172.4333	1.123862	1.461864	5.312213
4224	-5883.389	-6057.186	173.797	1.221322	1.43174	4.511316
4230	-5886.143	-6059.737	173.5934	1.297994	1.340246	4.62268
4236	-5874.504	-6046.409	171.9054	1.1617	1.415789	5.601214
4242	-5876.182	-6048.528	172.3461	1.145763	1.685155	5.26094
4248	-5880.193	-6053.475	173.2819	1.221148	1.324257	4.846965
4254	-5874.746	-6048.701	173.9553	1.218115	1.324937	4.47117
4260	-5874.165	-6048.305	174.14	1.218095	1.311857	4.373042
4266	-5878.569	-6051.456	172.8868	1.156869	1.475422	5.037373
4272	-5883.235	-6055.681	172.4459	1.177861	1.475422	5.269843
4278	-5897.3	-6071.688	174.3879	1.16521	1.324117	4.2571
4284	-5894.273	-6065.611	171.3373	0.9987494	1.145566	6.123616
4290	-5904.61	-6078.956	174.3467	1.223878	1.094646	4.35988
4296	-5900.38	-6073.206	172.8258	1.158437	1.440052	5.08505
4302	-5892.176	-6062.991	170.8153	1.045078	1.505	6.22382
4308	-5879.479	-6051.987	172.5081	1.124764	1.813992	5.136462
4314	-5877.383	-6048.864	171.4814	0.9696303	1.519486	5.896197
4320	-5881.664	-6053.129	171.4645	1.020074	1.330815	5.956609
4326	-5884.12	-6056.236	172.1162	1.023162	1.349191	5.590124
4332	-5883.777	-6055.75	171.9733	1.095903	1.367648	5.620637
4338	-5890.572	-6063.576	173.0045	1.166929	1.298876	5.042906
4344	-5896.442	-6068.737	172.2948	1.080916	1.364193	5.453631
4350	-5886.849	-6059.241	172.3916	1.015118	1.32541	5.453631
4356	-5894.065	-6066.32	172.2547	1.091364	1.639681	5.358459
4362	-5894.06	-6066.52	172.4605	1.115564	1.38561	5.333944
4368	-5897.766	-6070.364	172.5977	1.14507	1.250443	5.302484
4374	-5900.534	-6073.191	172.657	1.134246	1.547092	5.148276
4380	-5882.798	-6056.039	173.2411	1.057569	1.409618	4.923268
4386	-5882.706	-6056.283	173.5773	1.142036	1.529577	4.638378
4392	-5882.007	-6056.983	174.9753	1.345695	1.402052	3.783355
4398	-5889.894	-6063.039	173.1446	1.244605	1.402052	4.876112
4404	-5898.753	-6070.917	172.1641	1.204977	1.373449	5.453257
4410	-5907.257	-6079.785	172.5273	1.225542	1.593232	5.151463
4416	-5892.073	-6065.28	173.2071	1.150361	1.30478	4.936869
4422	-5896.5	-6068.063	171.5632	1.150361	1.577235	5.729946
4428	-5895.344	-6068.135	172.7907	1.114214	1.501569	5.103596
4434	-5868.557	-6040.878	172.321	1.14236	1.25405	5.454862
4440	-5870.609	-6044.377	173.7682	1.195235	1.242803	4.627322
4446	-5883.967	-6056.544	172.5778	1.037345	1.102238	5.445187
4452	-5876.93	-6049.191	172.2611	1.037345	1.076017	5.632793
4458	-5881.909	-6055.024	173.1151	1.034009	1.331724	5.040514
4464	-5894.058	-6068.147	174.0893	1.208501	1.36697	4.382141
4470	-5893.318	-6066.051	172.7332	1.126287	1.48248	5.136588
4476	-5888.412	-6061.743	173.3309	1.136507	1.48248	4.798569
4482	-5888.573	-6060.822	172.2494	1.129424	1.501458	5.394384
4488	-5877.894	-6051.217	173.3228	1.263422	1.905685	4.573265
4494	-5893.667	-6066.335	172.6679	1.190425	1.434029	5.157363
4500	-5887.468	-6058.918	171.4503	1.12677	1.412817	5.870898
4506	-5888.399	-6059.443	171.0442	1.034389	1.622243	6.059678
4512	-5884.76	-6058.012	173.2516	1.024428	1.143435	5.059086
4518	-5880.616	-6053.687	173.0715	1.110559	1.444067	4.973513
4524	-5890.877	-6063.023	172.1452	1.094795	1.650056	5.413006
4530	-5888.325	-6059.519	171.1937	1.093808	1.663162	5.930433
4536	-5887.264	-6059.799	172.5357	1.163216	1.663162	5.154612
4542	-5881.752	-6054.71	172.9581	1.165473	1.345113	5.048709
4548	-5896.414	-6067.204	170.7904	1.025126	1.278419	6.344065
4554	-5885.978	-6057.045	171.0669	0.9924375	1.277526	6.212031
4560	-5881.652	-6051.422	169.7701	0.9924375	1.337163	6.887725
4566	-5875.398	-6048.076	172.6773	1.06189	1.404808	5.235636
4572	-5876.799	-6049.678	172.8793	1.08038	1.376797	5.125705
4578	-5878.598	-6051.343	172.7449	1.128769	1.297462	5.208541
4584	-5883.583	-6056.315	172.7327	1.080399	1.289207	5.245794
4590	-5880.695	-6054.575	173.8806	1.146046	1.36556	4.535466
4596	-5884.102	-6055.573	171.4711	1.056536	1.793526	5.752213
4602	-5892.524	-6067.238	174.7141	1.275649	1.389205	3.979214
4608	-5893.184	-6067.079	173.8957	1.313368	1.389205	4.422376
4614	-5892.45	-6063.458	171.0089	0.9789123	1.410101	6.193288
4620	-5881.481	-6054.366	172.8858	1.159337	1.271459	5.125532
4626	-5882.888	-6056.981	174.093	1.08722	1.343496	4.458946
4632	-5895.381	-6065.768	170.3876	1.057033	1.958226	6.287386
4638	-5878.791	-6049.541	170.7507	1.079411	1.626541	6.193336
4644	-5892.155	-6064.621	172.4656	1.04242	1.469654	5.336106
4650	-5887.35	-6058.68	171.3304	1.048294	1.772537	5.84108
4656	-5889.443	-6061.451	172.0085	1.068419	1.710024	5.480569
4662	-5875.541	-6046.835	171.2946	1.028628	1.340989	6.040161
4668	-5884.204	-6055.434	171.2293	0.9801789	1.308323	6.116563
4674	-5881.712	-6052.272	170.5596	1.019973	1.406065	6.416687
4680	-5887.165	-6058.858	171.6927	1.033424	1.403797	5.793177
4686	-5885.611	-6057.309	171.6977	0.952787	1.22139	5.915731
4692	-5890.75	-6062.341	171.591	1.058044	1.427618	5.825314
4698	-5894.71	-6066.607	171.8972	1.050164	1.412733	5.66819
4704	-5890.139	-6061.905	171.7654	1.050164	1.191793	5.839573
4710	-5889.811	-6061.473	171.662	1.086469	1.5624	5.716583
4716	-5886.232	-6058.358	172.1258	1.04229	1.445738	5.53322
4722	-5887.975	-6059.938	171.9629	1.089654	1.447273	5.596062
4728	-5893.191	-6065.969	172.7771	1.18599	1.359719	5.13124
4734	-5881.86	-6053.432	171.5721	1.144425	1.504973	5.75675
4740	-5875.352	-6049.203	173.8517	1.216266	1.25802	4.561416
4746	-5874.436	-6047.874	173.4388	1.149785	1.25802	4.829718
4752	-5882.692	-6055.515	172.8228	1.163424	1.401826	5.100187
4758	-5880.567	-6053.638	173.0709	1.105592	1.401826	4.994555
4764	-5881.11	-6052.344	171.2346	0.9337979	1.191179	6.192767
4770	-5882.171	-6052.806	170.6353	0.9806149	1.348792	6.421348
4776	-5883.602	-6054.602	171.0001	1.027465	1.576888	6.104725
4782	-5875.992	-6046.851	170.8585	1.05393	1.265995	6.297064
4788	-5879.718	-6050.915	171.1979	1.106815	1.335795	6.052527
4794	-5884.365	-6055.145	170.7799	0.9853396	1.335795	6.34597
4800	-5899.548	-6073.194	173.6464	1.185749	1.154338	4.743989
4806	-5890.03	-6062.653	172.623	1.241063	1.19873	5.26003
4812	-5879.36	-6052.267	172.9073	1.08926	1.631727	5.001457
4818	-5880.387	-6053.321	172.934	1.028387	1.310063	5.153743
4824	-5884.333	-6057.326	172.9925	1.046131	1.17267	5.176158
4830	-5881.214	-6052.914	171.7006	0.9864959	1.369949	5.828959
4836	-5886.345	-6056.861	170.5163	0.9815709	1.626922	6.373661
4842	-5876.666	-6047.268	170.6013	0.9848069	1.489955	6.378783
4848	-5882.508	-6054.169	171.6618	0.9848069	1.576338	5.766929
4854	-5882.87	-6053.226	170.3561	1.002666	1.565289	6.472473
4860	-5889.734	-6059.668	169.934	0.9726874	1.298484	6.826907
4866	-5898.359	-6068.558	170.1988	1.134271	1.28892	6.600807
4872	-5883.039	-6055.67	172.6311	1.149421	1.168517	5.320813
4878	-5883.405	-6054.926	171.5208	1.037773	1.626094	5.796104
4884	-5887.314	-6057.031	169.7173	1.049371	1.537582	6.803364
4890	-5873.207	-6043.844	170.6374	1.019615	1.348556	6.399124
4896	-5872.845	-6044.467	171.6222	1.058968	1.324291	5.852099
4902	-5872.76	-6044.414	171.6542	1.07593	1.264808	5.852099
4908	-5873.449	-6045.475	172.0266	0.987554	1.262647	5.697596
4914	-5870.679	-6043.664	172.9855	1.11922	1.348814	5.057557
4920	-5873.714	-6046.863	173.1489	1.13718	1.201055	5.025165
4926	-5875.094	-6047.665	172.5707	1.058492	1.422195	5.289017
4932	-5885.58	-6057.993	172.4129	0.9942579	1.286465	5.470884
4938	-5884.599	-6056.418	171.8185	1.082475	1.286465	5.748749
4944	-5886.041	-6057.213	171.1723	1.008722	1.159084	6.201376
4950	-5886.912	-6059.129	172.2167	1.17544	1.321185	5.463537
4956	-5884.874	-6056.405	171.5315	0.9744641	1.451298	5.893708
4962	-5883.754	-6055.496	171.7423	1.003998	1.478336	5.751238
4968	-5881.102	-6053.797	172.6952	1.072396	1.210711	5.307523
4974	-5888.327	-6059.767	171.4403	1.086649	1.210711	5.98818
4980	-5878.494	-6051.3	172.8057	1.057807	1.358416	5.186943
4986	-5881.009	-6053.845	172.8358	1.057807	1.114914	5.285168
4992	-5879.81	-6052.665	172.8545	1.09718	1.459985	5.094744
4998	-5884.269	-6055.482	171.2136	1.011528	1.343051	6.092725
5004	-5884.426	-6056.081	171.6549	1.05513	1.23373	5.877429
5010	-5893.244	-6066.364	173.1195	1.169729	1.23373	5.007755
5016	-5892.162	-6065.596	173.4344	1.167463	1.234931	4.833191
5022	-5881.314	-6054.296	172.9822	1.151806	1.584293	4.943402
5028	-5889.48	-6060.213	170.7327	1.141003	1.584293	6.185608
5034	-5882.069	-6054.81	172.7407	1.131313	1.389673	5.168648
5040	-5885.833	-6057.74	171.9075	1.093176	1.329557	5.674862
5046	-5884.995	-6057.716	172.7206	1.13828	1.25767	5.235004
5052	-5880.159	-6052.397	172.238	1.13828	1.391898	5.441359
5058	-5875.348	-6047.181	171.8328	1.13828	1.466012	5.633059
5064	-5872.689	-6044.867	172.1775	1.030513	1.174288	5.633059
5070	-5871.356	-6043.006	171.6499	1.047241	1.638622	5.715508
5076	-5878.705	-6049.423	170.7184	0.9057531	1.484889	6.3602
5082	-5878.607	-6049.302	170.6948	0.9332501	1.19086	6.486254
5088	-5888.705	-6060.36	171.655	1.058862	1.521147	5.751781
5094	-5907.318	-6080.479	173.1609	1.176784	0.9204368	5.145957
5100	-5892.34	-6065.618	173.2784	1.173973	1.33173	4.871842
5106	-5894.261	-6066.715	172.4536	1.062326	1.269362	5.418807
5112	-5884.599	-6058.694	174.0957	1.205999	1.11973	4.498311
5118	-5888.48	-6061.94	173.4606	1.162735	1.162456	4.856494
5124	-5880.229	-6052.718	172.4893	1.055325	1.617459	5.257308
5130	-5871.62	-6044.387	172.7669	1.041212	1.383589	5.206632
5136	-5872.564	-6045.007	172.4432	1.073882	1.305224	5.401863
5142	-5882.759	-6052.884	170.1243	0.9956317	1.73019	6.540823
5148	-5875.592	-6046.835	171.2431	0.9929856	1.477052	6.030522
5154	-5876.402	-6048.545	172.1428	1.1049	1.681293	5.397109
5160	-5876.022	-6049.649	173.627	1.21837	1.690067	4.504985
5166	-5871.414	-6044.918	173.5047	1.163408	1.586146	4.64449
5172	-5871.578	-6044.544	172.9661	1.194736	1.471354	4.973947
5178	-5870.002	-6042.958	172.9566	1.160583	1.471354	4.99818
5184	-5885.156	-6056.617	171.4609	1.160583	1.113364	5.984055
5190	-5886.197	-6058.279	172.0818	1.020427	1.298879	5.632841
5196	-5879.204	-6051.064	171.8591	0.9731738	1.355494	5.755782
5202	-5884.031	-6055.281	171.25	1.008584	1.312288	6.08802
5208	-5880.078	-6050.824	170.7455	1.008584	1.320583	6.35866
5214	-5883.328	-6054.569	171.2409	1.101768	1.826864	5.84186
5220	-5887.071	-6058.009	170.9377	0.9474802	1.462773	6.227322
5226	-5894.017	-6066.547	172.5304	1.103541	1.77965	5.148049
5232	-5896.433	-6068.859	172.4259	1.107018	1.879747	5.169084
5238	-5895.888	-6069.942	174.0543	1.231726	1.37603	4.384732
5244	-5890.684	-6065.229	174.5446	1.293951	1.418689	4.05257
5250	-5887.657	-6059.049	171.3924	1.024151	1.289738	6.01201
5256	-5888.891	-6059.532	170.6413	0.9614176	1.145622	6.521772
5262	-5885.252	-6058.315	173.0629	1.243842	1.371964	4.935134
5268	-5882.484	-6057.068	174.5839	1.243842	1.456925	4.042172
5274	-5896.538	-6071.629	175.0914	1.375752	1.336421	3.728908
5280	-5883.729	-6057.346	173.6177	1.247544	1.378446	4.620365
5286	-5891.05	-6064.326	173.2755	1.247544	1.278029	4.856913
5292	-5875.325	-6047.055	171.7295	0.9917144	1.078185	5.947542
5298	-5884.962	-6056.94	171.9779	0.9650734	1.655866	5.574198
5304	-5882.508	-6054.528	172.0205	1.068435	1.451824	5.574198
5310	-5887.602	-6059.641	172.0388	1.079335	1.413404	5.574198
5316	-5887.101	-6060.256	173.1549	1.088996	1.299263	5.002527
5322	-5883.765	-6055.398	171.6323	1.031706	1.214049	5.911793
5328	-5879.222	-6050.753	171.5303	1.000288	1.376239	5.911793
5334	-5877.564	-6049.09	171.5263	0.9852877	1.37156	5.92419
5340	-5878.541	-6051.278	172.7368	1.189096	1.191397	5.229403
5346	-5874.943	-6046.997	172.0542	1.121837	1.397616	5.549078
5352	-5886.744	-6059.191	172.4474	1.123512	1.45635	5.306919
5358	-5885.909	-6058.214	172.3056	1.100617	1.45635	5.397748
5364	-5895.379	-6068.796	173.4172	1.098557	1.19337	4.9012
5370	-5890.665	-6063.035	172.3702	1.26063	1.630401	5.204698
5376	-5887.494	-6059.123	171.6291	1.165402	1.630401	5.665217
5382	-5893.001	-6066.621	173.6205	1.197717	1.470949	4.607069
5388	-5886.691	-6060.397	173.7061	1.231467	1.489542	4.532354
5394	-5885.777	-6057.93	172.1526	1.13696	1.496759	5.445488
5400	-5892.792	-6064.913	172.1212	1.106632	1.688326	5.405459
5406	-5893.507	-6064.35	170.8426	1.108396	1.337181	6.244444
5412	-5898.097	-6071.352	173.2552	1.042916	1.299668	4.972165
5418	-5897.627	-6068.449	170.8219	1.047738	1.428773	6.249738
5424	-5887.81	-6060.435	172.6247	1.120366	1.487627	5.197823
5430	-5887.716	-6060.365	172.649	1.147715	1.418961	5.197823
5436	-5883.044	-6055.414	172.3697	1.117117	1.400193	5.376931
5442	-5882.845	-6054.937	172.0928	1.131158	1.832826	5.355894
5448	-5902.095	-6075.732	173.6369	1.196745	1.514041	4.580616
5454	-5894.038	-6066.149	172.1117	1.029654	1.60886	5.482911
5460	-5886.593	-6058.775	172.1824	1.191094	1.547705	5.378826
5466	-5886.108	-6058.886	172.7784	1.091655	1.510649	5.119223
5472	-5880.468	-6052.538	172.0703	1.049237	1.520229	5.529554
5478	-5888.35	-6061.346	172.9953	1.042095	1.283779	5.124162
5484	-5888.878	-6060.459	171.5808	1.069737	1.39711	5.837344
5490	-5887.645	-6060.956	173.3104	1.118767	1.486798	4.818149
5496	-5889.774	-6062.048	172.274	1.102653	1.65345	5.336399
5502	-5890.963	-6062.928	171.9653	0.9952002	1.65345	5.565475
5508	-5895.82	-6066.947	171.1268	1.031372	1.289429	6.152895
5514	-5887.742	-6059.222	171.4801	1.138993	1.255806	5.916922
5520	-5890.828	-6062.457	171.6291	1.07739	1.415522	5.798981
5526	-5894.429	-6065.331	170.9023	1.036497	1.630203	6.132822
5532	-5891.574	-6066.387	174.8132	1.255754	1.490599	3.889847
5538	-5891.972	-6064.601	172.6288	1.232809	1.225585	5.248559
5544	-5903.38	-6075.707	172.3273	1.149805	1.368352	5.395999
5550	-5901.393	-6074.169	172.7759	1.118246	1.5452	5.09202
5556	-5902.045	-6072.315	170.27	1.034888	1.544059	6.509873
5562	-5900.05	-6072.427	172.3776	1.061283	1.368128	5.417155
5568	-5885.565	-6056.31	170.7451	1.083631	1.344783	6.307599
5574	-5887.175	-6060.608	173.4337	1.138517	1.334593	4.803745
5580	-5908.748	-6081.888	173.1397	1.21553	1.669212	4.787493
5586	-5899.021	-6073.732	174.7112	1.274819	1.347173	4.000278
5592	-5896.547	-6069.578	173.0307	1.028572	1.251551	5.12697
5598	-5891.528	-6064.858	173.3306	1.08953	1.482439	4.824975
5604	-5889.034	-6061.551	172.5169	1.108843	1.403913	5.298708
5610	-5891.075	-6063.977	172.9025	1.102987	1.623992	4.999476
5616	-5885.195	-6057.759	172.5638	1.020462	1.400929	5.322897
5622	-5890.317	-6064.082	173.7653	1.232499	1.282273	4.589474
5628	-5887.542	-6061.409	173.8671	1.213176	1.126691	4.619078
5634	-5888.239	-6060.888	172.6494	1.120983	1.413873	5.214546
5640	-5892.505	-6067.104	174.5988	1.280407	1.330374	4.068913
5646	-5899.985	-6073.586	173.6006	1.215805	1.297138	4.684251
5652	-5890.032	-6062.663	172.6311	1.107557	1.415648	5.231328
5658	-5882.378	-6055.025	172.6472	1.102708	1.401046	5.231328
5664	-5888.588	-6061.3	172.7116	1.103643	1.275328	5.250959
5670	-5893.314	-6065.344	172.0299	1.047097	1.375825	5.612803
5676	-5889.841	-6063.103	173.2614	1.143603	1.375825	4.8787
5682	-5878.98	-6051.614	172.6339	1.148893	1.430328	5.200705
5688	-5878.508	-6051.377	172.8693	1.077975	1.218947	5.204347
5694	-5893.715	-6063.429	169.7138	0.9744598	1.598209	6.822465
5700	-5896.023	-6067.878	171.8553	1.01537	1.126186	5.841512
5706	-5887.779	-6059.803	172.0232	1.085409	1.318037	5.620779
5712	-5884.585	-6058.245	173.6595	1.085409	1.347767	4.701361
5718	-5884.228	-6054.926	170.6976	1.031625	1.243267	6.406895
5724	-5882.918	-6054.677	171.7594	0.9981477	1.444583	5.758926
5730	-5878.488	-6049.23	170.7423	0.9757538	1.315158	6.380602
5736	-5889.44	-6059.886	170.4464	0.9652836	1.582298	6.437277
5742	-5881.07	-6052.249	171.1787	0.9652836	1.356554	6.131067
5748	-5886.993	-6057.182	170.1895	1.050481	1.455945	6.58007
5754	-5879.587	-6051.117	171.5303	1.003306	1.449924	5.879171
5760	-5899.76	-6069.266	169.5067	1.023461	1.509073	6.942055
5766	-5897.325	-6066.176	168.8506	1.000668	1.608909	7.268939
5772	-5878.804	-6052.174	173.3694	1.135516	1.556744	4.747488
5778	-5875.045	-6048.464	173.4195	1.247378	1.301309	4.765962
5784	-5878.995	-6054.109	175.1137	1.332981	1.312343	3.751929
5790	-5876.151	-6050.573	174.4217	1.306544	1.612137	4.035035
5796	-5868.156	-6042.005	173.8492	1.206836	1.105038	4.643875
5802	-5872.023	-6044.985	172.9621	1.084197	1.415385	5.061088
5808	-5879.19	-6051.472	172.2819	1.104717	1.415385	5.42569
5814	-5878.312	-6050.73	172.4175	1.056818	1.581962	5.309819
5820	-5877.471	-6049.694	172.2231	0.9656962	1.121234	5.669788
5826	-5875.81	-6046.888	171.0772	1.063792	1.460444	6.089111
5832	-5884.127	-6054.392	170.2643	0.9975251	1.758925	6.453792
5838	-5891.489	-6062.297	170.8082	0.9557734	1.451419	6.297848
5844	-5883.671	-6053.261	169.5893	0.9001018	1.451419	6.987043
5850	-5886.72	-6057.258	170.5384	0.9001018	1.376283	6.505697
5856	-5887.654	-6058.428	170.7739	1.014746	1.366983	6.319792
5862	-5874.801	-6046.879	172.0784	1.088414	1.577288	5.48106
5868	-5875.126	-6046.36	171.2334	1.101795	1.649801	5.909321
5874	-5879.879	-6052.345	172.4662	1.140269	1.317979	5.346876
5880	-5893.571	-6065.506	171.9345	1.068587	1.423249	5.633213
5886	-5906.676	-6077.443	170.7675	1.069084	1.355849	6.298515
5892	-5893.416	-6064.269	170.8526	0.9984828	1.374933	6.282471
5898	-5895.099	-6066.341	171.2415	0.9987514	1.293451	6.106424
5904	-5898.433	-6069.296	170.8631	0.9759413	1.109381	6.411621
5910	-5901.384	-6074.621	173.2376	1.188767	1.565876	4.787731
5916	-5897.161	-6071.782	174.6209	1.205841	1.205228	4.158339
5922	-5882.86	-6055.556	172.6955	1.122567	1.344	5.21846
5928	-5887.216	-6059.297	172.0805	1.107139	1.422504	5.532151
5934	-5892.365	-6065.358	172.9937	1.188597	1.521119	4.941628
5940	-5888.762	-6059.364	170.6021	1.017713	1.658703	6.295646
5946	-5891.293	-6061.413	170.1198	0.93464	1.211444	6.786718
5952	-5890.79	-6063.997	173.2076	1.112408	1.123283	5.044893
5958	-5897.378	-6069.694	172.3161	1.32077	1.413879	5.288342
5964	-5893.953	-6067.415	173.462	1.175351	1.413879	4.732556
5970	-5888.324	-6060.239	171.9151	1.147286	1.416733	5.603419
5976	-5885.798	-6058.02	172.222	1.147286	1.544368	5.382481
5982	-5882.557	-6053.829	171.2718	0.9917595	1.496385	6.007707
5988	-5886.015	-6058.175	172.1596	1.010722	1.496385	5.511204
5994	-5888.543	-6060.414	171.8717	0.9580016	1.476069	5.706422
6000	-5880.352	-6052.115	171.7632	1.026187	1.531168	5.706422
6006	-5879.041	-6050.66	171.6187	1.110574	1.397156	5.79428
6012	-5871.672	-6043.666	171.9938	1.11154	1.49671	5.546802
6018	-5872.807	-6046.199	173.3923	1.140878	1.428612	4.784446
6024	-5881.207	-6054.546	173.3386	1.242407	1.487857	4.732913
6030	-5879.645	-6051.671	172.0252	1.105486	1.176296	5.674479
6036	-5885.433	-6057.516	172.0836	1.031674	1.299883	5.625241
