Iteration	Posterior	Likelihood	Prior	rate_log_sd	rate_loss	tree_length
0	-5874.031	-6045.365	171.3337	1.010214	1.552736	5.941603
6	-5873.757	-6046.051	172.2931	1.132046	1.485045	5.375519
12	-5870.126	-6043.436	173.3103	1.200135	1.282699	4.861814
18	-5872.83	-6045.081	172.251	1.141244	1.240327	5.50039
24	-5873.361	-6046.45	173.0891	1.22503	1.415814	4.912036
30	-5880.538	-6052.756	172.2185	1.091451	1.546197	5.414469
36	-5876.709	-6049.33	172.6216	1.157694	1.485224	5.179839
42	-5887.401	-6060.012	172.6112	1.157271	1.313235	5.259582
48	-5887.363	-6059.45	172.0866	1.093889	1.379564	5.554383
54	-5882.522	-6055.836	173.314	1.079652	1.383764	4.881605
60	-5878.887	-6052.002	173.1145	1.079652	1.657817	4.881605
66	-5884.074	-6057.435	173.3614	1.079652	1.324075	4.881605
72	-5884.245	-6057.513	173.2681	1.079652	1.443435	4.881605
78	-5883.681	-6056.795	173.1145	1.079652	1.657799	4.881605
84	-5885.87	-6059.057	173.187	1.079652	1.553781	4.881605
90	-5890.43	-6063.466	173.0352	1.079652	1.777792	4.881605
96	-5889.175	-6062.211	173.0352	1.079652	1.777792	4.881605
102	-5888.595	-6061.63	173.0352	1.079652	1.777792	4.881605
108	-5887.971	-6061.006	173.0352	1.079652	1.777792	4.881605
114	-5889.484	-6062.52	173.0352	1.079652	1.777792	4.881605
120	-5890.113	-6063.148	173.0352	1.079652	1.777792	4.881605
126	-5889.768	-6062.803	173.0352	1.079652	1.777792	4.881605
132	-5885.913	-6058.948	173.0352	1.079652	1.777792	4.881605
138	-5887.943	-6060.978	173.0352	1.079652	1.777792	4.881605
144	-5876.635	-6050.069	173.4336	1.171473	1.639472	4.659085
150	-5876.763	-6050.846	174.0833	1.234648	1.600565	4.272799
156	-5879.468	-6052.261	172.7936	1.053815	1.690986	5.061937
162	-5875.199	-6047.953	172.7547	1.103867	1.690986	5.055741
168	-5881.444	-6053.865	172.4205	1.093659	1.53862	5.304834
174	-5882.631	-6056.407	173.7752	1.118344	1.77792	4.445429
180	-5886.013	-6058.992	172.9788	1.066011	1.224074	5.147934
186	-5878.338	-6049.219	170.8816	0.961433	1.455551	6.253208
192	-5880.113	-6052.757	172.644	1.031585	1.711014	5.14978
198	-5879.98	-6052.82	172.8404	1.134702	1.303192	5.14978
204	-5876.249	-6049.097	172.8474	1.08809	1.352412	5.14978
210	-5874.575	-6046.268	171.6931	1.110755	1.38198	5.759909
216	-5882.677	-6055.164	172.4868	1.169801	1.605191	5.200087
222	-5873.902	-6045.663	171.7617	1.169801	1.407737	5.679012
228	-5879.19	-6051.629	172.4391	1.049342	1.342825	5.400938
234	-5898.939	-6072.027	173.0883	1.012797	1.366821	5.051645
240	-5884.122	-6056.589	172.4672	1.061518	1.471818	5.32383
246	-5881.47	-6053.518	172.0477	1.164416	1.575523	5.456827
252	-5880.113	-6052.592	172.4786	1.098601	1.554185	5.263847
258	-5878.125	-6051.111	172.9861	1.098601	1.195857	5.139331
264	-5879.162	-6051.424	172.2612	1.049538	1.366008	5.488615
270	-5878.002	-6049.933	171.9305	1.038029	1.36888	5.675302
276	-5881.373	-6054.283	172.91	1.224061	1.327439	5.050784
282	-5894.336	-6064.143	169.8072	0.9522251	1.410695	6.858238
288	-5894.832	-6066.023	171.191	1.03723	1.316426	6.102735
294	-5891.667	-6064.285	172.6178	1.118654	1.352782	5.259693
300	-5888.993	-6061.575	172.5811	1.118654	1.53682	5.203025
306	-5886.861	-6059.388	172.5272	1.164121	1.548511	5.203025
312	-5882.375	-6055.084	172.7095	1.117256	1.409653	5.185174
318	-5892.533	-6064.502	171.9695	1.129071	1.507557	5.546134
324	-5890.575	-6062.759	172.1837	1.03496	1.350128	5.546134
330	-5894.775	-6068.041	173.2667	1.111236	1.28848	4.93291
336	-5904.33	-6074.932	170.6024	1.086511	1.385947	6.365809
342	-5902.391	-6073.641	171.2508	1.096781	1.516312	5.953928
348	-5896.853	-6069.745	172.8916	1.17782	1.486989	5.018286
354	-5903.721	-6074.523	170.8015	1.100857	1.409725	6.239891
360	-5895.816	-6066.58	170.7642	1.024241	1.358007	6.323749
366	-5885.721	-6056.577	170.8561	0.9803863	1.624782	6.19053
372	-5878.32	-6049.346	171.0268	1.099406	1.459074	6.097684
378	-5880.494	-6052.905	172.4105	0.9733873	1.275068	5.488876
384	-5885.032	-6056.054	171.0215	0.9728259	1.44185	6.176529
390	-5880.461	-6052.426	171.9654	1.062892	1.421242	5.62019
396	-5891.752	-6063.015	171.2627	1.074892	1.176393	6.107765
402	-5890.137	-6060.878	170.7406	1.029407	1.404527	6.313974
408	-5882.678	-6054.14	171.4621	1.040943	1.404527	5.914824
414	-5878.904	-6050.948	172.0444	1.045215	1.581725	5.521835
420	-5884.797	-6055.914	171.1168	0.9420187	1.341795	6.183807
426	-5878.241	-6050.638	172.3968	1.059207	1.273665	5.449872
432	-5877.566	-6050.011	172.4454	1.163741	1.580732	5.235818
438	-5875.22	-6047.982	172.7626	1.163741	1.580732	5.060172
444	-5878.361	-6051.651	173.2901	1.163741	1.534661	4.784838
450	-5875.394	-6047.528	172.1336	1.076914	1.35587	5.548122
456	-5872.215	-6044.823	172.6078	1.081805	1.219195	5.346566
462	-5876.638	-6048.353	171.7156	1.053914	1.157807	5.88118
468	-5883.004	-6054.408	171.4042	1.005575	1.350674	5.988796
474	-5888.093	-6059.271	171.1779	0.9802578	1.350674	6.125906
480	-5880.658	-6051.782	171.1239	1.034221	1.350674	6.125906
486	-5882.86	-6053.98	171.1207	1.023802	1.367859	6.125906
492	-5885.944	-6057.257	171.3134	1.085228	1.44875	5.953406
498	-5882.233	-6051.902	169.6689	0.9965592	1.532182	6.860087
504	-5888.867	-6060.834	171.9662	0.9718511	1.304068	5.720516
510	-5894.977	-6067.348	172.3705	0.961591	1.304068	5.504241
516	-5892.275	-6063.11	170.8349	1.057391	1.69462	6.13435
522	-5879.751	-6051.255	171.5036	1.06408	1.651887	5.781453
528	-5887.74	-6059.271	171.5306	1.105259	1.470983	5.814675
534	-5903.366	-6074.335	170.9694	1.007646	1.032796	6.376232
540	-5896.045	-6066.901	170.8563	1.087903	1.515029	6.174264
546	-5883.132	-6055.833	172.7014	1.133881	1.077504	5.336678
552	-5880.658	-6053.219	172.5618	1.114824	1.255498	5.336678
558	-5889.121	-6061.698	172.5773	1.085121	1.255498	5.344514
564	-5891.831	-6064.959	173.1284	1.168227	1.126712	5.056095
570	-5895.427	-6069.082	173.6551	1.158238	1.094446	4.785124
576	-5899.97	-6074.039	174.0688	1.12533	1.075456	4.581945
582	-5902.894	-6076.444	173.5495	1.255314	1.247114	4.714046
588	-5897.188	-6070.575	173.3867	1.146189	1.467905	4.76808
594	-5894.778	-6068.124	173.3468	1.213398	1.209618	4.868543
600	-5892.438	-6065.326	172.8873	1.094472	1.128463	5.229582
606	-5889.812	-6060.292	170.4802	1.007214	1.320179	6.503409
612	-5892.891	-6063.312	170.4213	1.012009	1.320179	6.532712
618	-5891.76	-6063.051	171.2912	1.092286	1.697902	5.865224
624	-5876.199	-6048.38	172.1816	1.020499	1.168887	5.638931
630	-5885.146	-6057.47	172.3238	1.065121	1.101131	5.570166
636	-5883.656	-6057.123	173.467	1.087426	1.35327	4.805361
642	-5892.518	-6066.683	174.1643	1.189049	1.080203	4.489983
648	-5882.243	-6055.357	173.1139	1.180691	1.351596	4.950848
654	-5893.842	-6067.159	173.3162	1.073661	1.293196	4.924096
660	-5889.291	-6061.645	172.3544	1.060206	1.303136	5.459266
666	-5882.235	-6056.462	174.2277	1.197604	1.080523	4.449317
672	-5879.65	-6052.771	173.1214	1.196649	1.08342	5.066523
678	-5879.305	-6051.96	172.6555	1.120604	1.535929	5.161103
684	-5880.135	-6051.532	171.3971	1.02976	1.144717	6.074564
690	-5884.617	-6056.585	171.9681	1.081172	1.394566	5.619981
696	-5881.837	-6053.596	171.759	1.040205	1.009192	5.941449
702	-5882.486	-6054.007	171.5211	1.17376	1.322828	5.84528
708	-5885.26	-6057.293	172.0335	1.129065	1.787277	5.405701
714	-5886.07	-6058.074	172.0043	1.108638	1.19251	5.676361
720	-5879.82	-6053.853	174.0329	1.140964	1.113537	4.57337
726	-5880.885	-6054.406	173.5215	1.144281	1.497669	4.681404
732	-5882.598	-6054.99	172.3922	1.134612	1.374721	5.365805
738	-5896.09	-6069.284	173.1936	1.194869	1.741919	4.741884
744	-5887.168	-6060.469	173.3003	1.172649	1.616377	4.741884
750	-5882.641	-6056.774	174.133	1.193489	1.332538	4.381418
756	-5882.943	-6056.812	173.8696	1.219813	1.206853	4.573913
762	-5892.069	-6066.814	174.7449	1.243986	1.427068	3.963033
768	-5887.014	-6059.681	172.6664	1.181141	1.265704	5.23756
774	-5889.962	-6064.548	174.586	1.238151	1.152798	4.186132
780	-5887.002	-6060.486	173.4837	1.238151	1.247172	4.760415
786	-5883.948	-6057.443	173.495	1.078097	1.432781	4.760415
792	-5877.431	-6048.107	170.6766	0.9655414	1.280947	6.436992
798	-5876.544	-6047.529	170.9848	1.037858	1.220398	6.25824
804	-5874.946	-6045.074	170.1281	0.9697912	1.560737	6.615455
810	-5881.687	-6054.558	172.8712	1.014726	1.061976	5.316872
816	-5885.976	-6056.154	170.1782	0.9979198	1.705077	6.519393
822	-5892.122	-6064.815	172.6931	1.07791	1.307043	5.260963
828	-5897.237	-6069.783	172.5452	1.079834	1.495524	5.260963
834	-5899.75	-6071.932	172.1817	0.9594208	1.445995	5.547894
840	-5902.778	-6073.823	171.045	1.067708	1.692713	6.014964
846	-5895.032	-6067.607	172.5744	1.044241	1.34761	5.327031
852	-5905.674	-6076.437	170.7624	1.128829	1.504394	6.207296
858	-5910.496	-6082.578	172.0822	1.093583	1.504394	5.504998
864	-5904.024	-6077.215	173.1915	1.096977	1.221149	5.014159
870	-5894.452	-6067.037	172.5846	1.141763	1.329394	5.275623
876	-5884.12	-6056.361	172.2409	1.141763	1.384677	5.440982
882	-5887.789	-6058.544	170.7551	1.09168	1.445668	6.255217
888	-5895.22	-6065.998	170.778	1.046573	1.475332	6.255217
894	-5897.274	-6069.918	172.6443	1.081766	1.260095	5.307236
900	-5886.587	-6060.178	173.591	1.144037	1.215358	4.768228
906	-5879	-6051.147	172.1478	1.069397	1.294947	5.571475
912	-5882.619	-6054.709	172.0898	1.069397	1.294957	5.60334
918	-5881.497	-6053.683	172.1853	1.003463	1.25931	5.60334
924	-5885.402	-6057.603	172.2004	1.075396	1.292758	5.540276
930	-5878.882	-6050.376	171.4941	0.9705323	1.299067	5.981592
936	-5882.513	-6054.04	171.5266	0.9870138	1.240348	5.981592
942	-5883.292	-6056.742	173.4493	1.108236	1.296272	4.829295
948	-5891.04	-6063.127	172.087	1.122507	1.75409	5.391642
954	-5902.551	-6076.064	173.5138	1.24982	1.282923	4.720352
960	-5891.114	-6064.292	173.1781	1.088843	1.347808	4.96789
966	-5894.117	-6065.298	171.1807	1.0219	1.347808	6.102954
972	-5891.728	-6062.975	171.2469	1.019637	1.218694	6.126349
978	-5894.545	-6067.325	172.7799	1.068399	1.40175	5.176579
984	-5908.856	-6085.164	176.3075	1.346536	0.8943121	3.276014
990	-5888.6	-6063.669	175.0685	1.339143	1.390556	3.73853
996	-5889.379	-6063.547	174.1683	1.255427	1.281686	4.349969
1002	-5887.83	-6062.119	174.2897	1.268093	1.779334	4.068525
1008	-5881.978	-6055.219	173.2405	1.132287	1.737529	4.752258
1014	-5882.663	-6055.778	173.1149	1.149762	1.667089	4.838786
1020	-5882.729	-6055.802	173.0736	1.180777	1.316653	4.988802
1026	-5891.24	-6063.275	172.0353	1.117799	1.384378	5.567349
1032	-5892.925	-6064.457	171.5319	1.072771	1.230786	5.936339
1038	-5900.036	-6073.369	173.3336	1.127021	1.163641	4.946489
1044	-5895.569	-6069.276	173.7075	1.180467	1.205404	4.687527
1050	-5896.575	-6069.449	172.8741	1.180467	1.600176	4.981368
1056	-5898.14	-6069.978	171.8384	1.143486	1.634777	5.560742
1062	-5905.926	-6079.554	173.628	1.215103	1.776037	4.474496
1068	-5901.133	-6074.353	173.2205	1.140153	1.605611	4.808794
1074	-5898.834	-6071.496	172.6619	1.207989	1.308901	5.205473
1080	-5896.786	-6070.171	173.3849	1.156942	1.191355	4.887657
1086	-5877.787	-6050.884	173.0969	1.083546	1.254836	5.058224
1092	-5874.543	-6048.375	173.832	1.187538	1.254367	4.590351
1098	-5872.408	-6044.76	172.352	1.108209	1.405661	5.389294
1104	-5873.972	-6045.416	171.4447	1.055591	1.627538	5.827462
1110	-5873.583	-6045.72	172.1371	1.068781	1.197418	5.623075
1116	-5876.38	-6047.771	171.3906	1.032375	1.43708	5.944913
1122	-5883.406	-6053.88	170.4741	0.9023427	1.449377	6.50885
1128	-5882.821	-6053.577	170.7558	1.053188	1.355569	6.313637
1134	-5890.877	-6061.429	170.5521	1.09682	1.392976	6.384542
1140	-5887.034	-6059.172	172.1378	1.059795	1.392976	5.539193
1146	-5881.456	-6055.194	173.7382	1.232612	1.223188	4.632563
1152	-5877.402	-6050.979	173.5772	1.232612	1.660425	4.536171
1158	-5875.424	-6046.936	171.5126	1.028986	1.341501	5.920841
1164	-5878.517	-6050.061	171.5438	1.028986	1.302842	5.920841
1170	-5887.178	-6058.053	170.8746	0.9413238	1.015525	6.472783
1176	-5894.508	-6065.948	171.4397	0.9413238	1.36307	5.999108
1182	-5892.372	-6064.449	172.0773	1.040944	1.221731	5.659552
1188	-5885.718	-6057.212	171.4941	1.038012	1.336619	5.928141
1194	-5886.257	-6058.607	172.3504	1.153253	1.321425	5.402014
1200	-5871.886	-6045.325	173.4386	1.151683	1.26775	4.824211
1206	-5877.909	-6051.404	173.4951	1.222552	1.331441	4.723882
1212	-5892.065	-6064.972	172.9072	1.152282	1.283689	5.111958
1218	-5887.022	-6059.685	172.6629	1.163278	1.380081	5.198201
1224	-5892.153	-6065.579	173.4254	1.276356	1.556976	4.637197
1230	-5880.473	-6053.247	172.7737	1.119784	1.646129	5.053213
1236	-5876.627	-6050.114	173.4871	1.187395	1.294212	4.764931
1242	-5874.863	-6046.299	171.4361	1.009188	1.169135	6.052608
1248	-5876.037	-6046.891	170.8543	0.9139201	1.315731	6.353103
1254	-5887.433	-6057.848	170.4147	0.9822547	1.72457	6.392715
1260	-5890.717	-6063.304	172.5863	1.147808	1.429446	5.227996
1266	-5886.105	-6060.636	174.5309	1.285354	1.295833	4.120804
1272	-5878.242	-6051.265	173.0225	1.223551	1.338223	4.983748
1278	-5878.037	-6049.219	171.1827	1.091542	1.013824	6.224961
1284	-5883.173	-6057.009	173.8368	1.266721	1.449062	4.455959
1290	-5883.607	-6055.985	172.3778	1.021251	1.186786	5.522037
1296	-5882.559	-6053.561	171.0015	0.9916419	1.550144	6.133844
1302	-5888.073	-6058.551	170.4781	1.069748	1.240108	6.506656
1308	-5883.369	-6053.546	170.1768	0.9004069	1.485645	6.656094
1314	-5881.279	-6052.74	171.4612	0.9856688	1.588661	5.871462
1320	-5882.344	-6054.014	171.6705	1.088552	1.344678	5.800553
1326	-5886.643	-6059.958	173.3149	1.157052	1.630084	4.737181
1332	-5871.698	-6045.028	173.3295	1.157052	1.471662	4.792403
1338	-5867.048	-6039.682	172.6339	1.149301	1.469108	5.184325
1344	-5873.604	-6046.26	172.6568	1.10498	1.498045	5.184325
1350	-5879.066	-6051.486	172.4209	1.07518	1.202169	5.461284
1356	-5883.254	-6056.711	173.457	1.208406	1.370108	4.735886
1362	-5881.613	-6054.006	172.3927	1.026392	1.428018	5.402472
1368	-5886.582	-6058.505	171.9239	1.169791	1.152213	5.706555
1374	-5887.493	-6058.634	171.1412	0.9673229	1.340304	6.157401
1380	-5888.765	-6061.499	172.7335	1.073614	1.340304	5.226117
1386	-5888.227	-6060.95	172.7224	1.084707	1.340304	5.226117
1392	-5899.256	-6070.369	171.1131	0.977402	1.520128	6.092591
1398	-5889.016	-6060.195	171.179	1.039802	1.35128	6.092591
1404	-5877.592	-6049.946	172.3537	1.060463	1.112817	5.550342
1410	-5871.222	-6043.418	172.1965	1.060463	1.329484	5.534177
1416	-5867.848	-6039.349	171.5008	1.11917	1.387468	5.85814
1422	-5876.453	-6046.226	169.7733	0.8959952	1.369455	6.924145
1428	-5877.347	-6047.487	170.1406	0.8995875	1.467646	6.683335
1434	-5869.057	-6039.2	170.1432	1.005928	1.274069	6.706921
1440	-5867.679	-6039.279	171.6008	1.017321	1.47487	5.822755
1446	-5885.694	-6057.253	171.5588	0.9996679	1.556742	5.822755
1452	-5887.78	-6058.829	171.0493	1.105974	1.129523	6.229867
1458	-5895.544	-6067.961	172.4165	1.185803	1.333497	5.34227
1464	-5881.24	-6053.233	171.9933	0.9421868	1.534364	5.625009
1470	-5884.074	-6056.075	172.0011	0.9421868	1.523677	5.625009
1476	-5883.772	-6055.675	171.9036	1.069349	1.483137	5.625009
1482	-5887.208	-6059.215	172.0062	1.042977	1.417562	5.610314
1488	-5879.339	-6050.723	171.3835	0.9873697	1.377716	5.99836
1494	-5877.49	-6049.728	172.2382	1.088009	1.42065	5.456715
1500	-5882.758	-6055.49	172.7317	1.088009	1.42065	5.184364
1506	-5894.967	-6067.504	172.537	1.070431	1.442435	5.292559
1512	-5892.675	-6065.904	173.2297	1.131184	1.039062	5.066303
1518	-5890.788	-6063.905	173.1167	1.204081	1.363223	4.931146
1524	-5885.892	-6059.432	173.5404	1.176571	1.382927	4.701456
1530	-5884.894	-6057.453	172.5585	1.120119	1.34002	5.297276
1536	-5882.74	-6055.798	173.0576	1.142328	1.214411	5.066543
1542	-5883.776	-6055.274	171.4975	1.054676	1.111169	6.022952
1548	-5882.643	-6054.343	171.6994	1.038272	1.373698	5.799695
1554	-5882.445	-6054.939	172.4941	1.150395	1.373698	5.30136
1560	-5871.815	-6044.863	173.0484	1.126217	1.694304	4.878785
1566	-5878.049	-6050.506	172.4571	1.037754	1.345835	5.396064
1572	-5877.413	-6050.192	172.7785	1.141708	1.482887	5.10273
1578	-5875.276	-6049.206	173.9302	1.207234	1.398547	4.458649
1584	-5890.748	-6064.752	174.0033	1.203683	1.484656	4.382639
1590	-5886.095	-6060.464	174.3693	1.231869	1.420256	4.186942
1596	-5886.221	-6060.494	174.2725	1.269991	1.531293	4.173364
1602	-5886.923	-6060.557	173.6335	1.230643	1.277091	4.666816
1608	-5880.011	-6053.653	173.6417	1.228226	1.558429	4.542267
1614	-5882.527	-6055.287	172.7601	1.233323	1.616801	5.008929
1620	-5883.981	-6056.894	172.9131	1.10761	1.531849	5.027142
1626	-5885.173	-6056.667	171.4942	0.9566901	1.196533	6.03638
1632	-5889.185	-6060.632	171.447	0.9566901	1.196533	6.062131
1638	-5889.26	-6059.976	170.7154	1.077145	1.533866	6.249312
1644	-5893.582	-6066.296	172.7137	1.072362	1.521027	5.161546
1650	-5899.713	-6073.203	173.4905	1.180167	1.252741	4.786379
1656	-5891.368	-6064.204	172.8359	1.087391	1.370547	5.148572
1662	-5889.89	-6062.894	173.0049	1.17579	1.258903	5.056168
1668	-5892.184	-6065.071	172.8872	1.105058	1.499097	5.056168
1674	-5884.632	-6058.111	173.4793	1.105058	1.441876	4.750248
1680	-5888.091	-6061.423	173.332	1.104173	1.341875	4.87636
1686	-5878.961	-6050.594	171.6324	1.098175	1.420835	5.783565
1692	-5886.75	-6058.167	171.4177	1.040413	1.46219	5.915412
1698	-5901.314	-6074.972	173.6578	1.040413	1.273177	4.761444
1704	-5896.07	-6067.786	171.7166	1.040413	1.779546	5.631375
1710	-5899.827	-6073.652	173.8245	1.136978	1.2902	4.606194
1716	-5892.907	-6063.181	170.2743	0.9243136	1.451371	6.604319
1722	-5893.499	-6063.973	170.4733	0.9243136	1.181679	6.615326
1728	-5903.282	-6075.026	171.7443	0.979282	1.034961	5.96889
1734	-5912.413	-6084.694	172.2811	1.101534	1.481058	5.400596
1740	-5904.35	-6074.812	170.462	0.9767861	1.3976	6.496508
1746	-5904.127	-6075.302	171.1752	1.10629	1.3976	6.038622
1752	-5898.525	-6066.982	168.4563	0.9823434	1.615219	7.487889
1758	-5897.298	-6068.097	170.7998	0.9260797	1.633559	6.24739
1764	-5882.445	-6055.061	172.6164	1.060465	1.283865	5.323454
1770	-5891.061	-6062.875	171.8137	1.086786	1.49247	5.661006
1776	-5897.987	-6070.585	172.598	1.086786	1.37877	5.2769
1782	-5893.036	-6065.616	172.5797	1.128287	1.37877	5.264095
1788	-5896.327	-6068.641	172.3141	1.037676	1.655726	5.349222
1794	-5891.063	-6062.438	171.3753	1.040391	1.464281	5.937732
1800	-5890.397	-6062.468	172.0711	1.080269	1.487024	5.525411
1806	-5884.413	-6057.765	173.3514	1.168424	1.29563	4.850603
1812	-5874.056	-6047.207	173.1512	1.153359	1.334427	4.952933
1818	-5877.449	-6048.789	171.3403	0.9790211	1.366763	6.031143
1824	-5871.097	-6041.879	170.7818	0.9786585	1.220228	6.400642
1830	-5870.684	-6042.486	171.8016	1.065282	1.528361	5.665057
1836	-5870.979	-6042.755	171.776	1.029374	1.363725	5.76692
1842	-5886.401	-6057.866	171.4651	1.107949	1.246037	5.946547
1848	-5884.205	-6056.172	171.9673	1.033666	1.417444	5.636809
1854	-5877.567	-6048.293	170.7255	1.025238	1.501548	6.284806
1860	-5877.75	-6048.601	170.8507	0.913757	1.482907	6.284806
1866	-5878.342	-6050.067	171.7253	0.9909136	1.448817	5.779797
1872	-5885.493	-6058.043	172.5498	1.128634	1.58246	5.196793
1878	-5888.523	-6060.733	172.21	1.128397	1.325379	5.491227
1884	-5892.199	-6063.521	171.322	0.9841919	1.377995	6.03348
1890	-5879.768	-6051.599	171.8306	1.030979	1.491706	5.682624
1896	-5882.818	-6054.849	172.0314	1.053372	1.526242	5.546269
1902	-5899.726	-6072.465	172.7392	1.08949	1.226082	5.26652
1908	-5892.385	-6066.26	173.875	1.229	1.272326	4.534464
1914	-5881.494	-6054.805	173.3117	1.163701	1.472684	4.79817
1920	-5877.949	-6050.142	172.193	1.163701	1.497274	5.408278
1926	-5884.552	-6056.081	171.5285	1.060354	1.334924	5.897896
1932	-5892.235	-6063.663	171.4288	1.060354	1.140678	6.04263
1938	-5892.067	-6063.468	171.4001	1.120183	1.268239	5.965124
1944	-5882.488	-6053.077	170.5889	1.121687	1.468398	6.319908
1950	-5877.311	-6047.576	170.2642	0.9980407	1.16031	6.698808
1956	-5871.748	-6043.266	171.5174	1.080168	1.562467	5.799167
1962	-5883.848	-6056.533	172.6847	1.078317	1.458631	5.199788
1968	-5884.897	-6057.065	172.1684	1.076555	1.122792	5.638217
1974	-5883.675	-6057.28	173.6055	1.192865	1.590764	4.56963
1980	-5883.187	-6056.178	172.9908	1.192865	1.380107	5.000006
1986	-5883.617	-6056.876	173.2585	1.17631	1.162833	4.961245
1992	-5879.611	-6051.115	171.5035	1.098082	1.267553	5.92106
1998	-5877.231	-6049.222	171.9909	1.036832	1.176582	5.730786
2004	-5877.253	-6049.3	172.047	0.9462084	1.463059	5.622118
2010	-5872.731	-6044.703	171.9714	1.0552	1.418992	5.622118
2016	-5881.071	-6053.522	172.4506	1.020142	1.693352	5.269556
2022	-5886.914	-6060.426	173.5126	1.056663	1.422828	4.766769
2028	-5884.517	-6057.783	173.2667	1.154981	1.511878	4.812016
2034	-5895.158	-6068.471	173.3135	1.202555	1.349977	4.828204
2040	-5883.35	-6056.655	173.3051	1.202555	1.473486	4.779851
2046	-5875.907	-6048.058	172.1503	1.085189	1.256537	5.579014
2052	-5881.758	-6053.658	171.8997	1.085189	1.2871	5.702491
2058	-5889.617	-6062.5	172.8821	1.070014	1.365346	5.134864
2064	-5897.554	-6070.437	172.8821	1.221263	1.212639	5.120908
2070	-5886.461	-6059.89	173.4291	1.13313	1.485644	4.744326
2076	-5881.908	-6053.352	171.4433	1.11792	1.471681	5.855188
2082	-5884.085	-6054.293	170.2081	1.032016	1.378538	6.612089
2088	-5888.949	-6061.42	172.4714	0.9721122	1.182618	5.499653
2094	-5880.666	-6050.903	170.2365	0.9889154	1.525495	6.560154
2100	-5883.864	-6054.908	171.0438	1.005213	1.303484	6.206028
2106	-5881.617	-6053.095	171.4783	1.024194	1.319599	5.951791
2112	-5888.182	-6058.92	170.7384	1.102315	1.332393	6.306482
2118	-5889.631	-6060.125	170.4941	1.058489	1.361799	6.450044
2124	-5890.739	-6061.428	170.6893	1.036428	1.390495	6.343948
2130	-5901.032	-6071.468	170.4363	1.07454	1.431013	6.443586
2136	-5907.93	-6078.392	170.4625	1.048342	1.431013	6.443586
2142	-5892.173	-6063.199	171.0266	0.9888094	1.99254	5.965539
2148	-5895.471	-6066.242	170.7709	1.087636	1.666906	6.162847
2154	-5896.384	-6067.578	171.1944	1.015611	1.620598	5.988646
2160	-5894.138	-6065.626	171.4882	1.038424	1.644752	5.806593
2166	-5895.059	-6066.85	171.7903	1.085122	1.644752	5.615452
2172	-5896.601	-6068.81	172.2092	1.138191	1.442247	5.435993
2178	-5896.402	-6069.774	173.3718	1.270076	1.611692	4.649186
2184	-5896.039	-6069.911	173.8717	1.242379	1.257221	4.535901
2190	-5888.411	-6062.277	173.8655	1.169228	1.314009	4.554107
2196	-5896.495	-6068.985	172.4908	1.15241	1.623162	5.200592
2202	-5891.421	-6064.852	173.4315	1.142705	1.417928	4.766102
2208	-5892.308	-6065.657	173.349	1.097632	1.435826	4.829698
2214	-5887.009	-6060.039	173.03	1.172881	1.278708	5.034716
2220	-5892.089	-6064.571	172.4815	1.172881	1.329282	5.315387
2226	-5886.857	-6060.797	173.94	1.202312	1.453204	4.432346
2232	-5883.583	-6056.672	173.0889	1.171543	1.2108	5.034689
2238	-5882.38	-6055.668	173.2878	1.231181	1.2108	4.890965
2244	-5878.245	-6051.792	173.5473	1.231181	1.2108	4.746175
2250	-5869.032	-6041.47	172.4387	1.060288	1.192424	5.464356
2256	-5871.258	-6043.729	172.4711	1.045278	1.283208	5.412264
2262	-5864.767	-6036.643	171.8757	1.08666	1.283208	5.716593
2268	-5879.19	-6049.837	170.6464	1.042178	1.454404	6.337544
2274	-5875.256	-6046.024	170.7682	0.9989567	1.35275	6.337544
2280	-5883.34	-6055.142	171.8022	1.0268	1.624838	5.648406
2286	-5890.889	-6062.755	171.8657	1.084574	1.373705	5.683217
2292	-5883.751	-6056.495	172.7447	1.265663	1.625628	4.996137
2298	-5888.96	-6061.597	172.6368	1.176463	1.574354	5.125346
2304	-5888.894	-6061.381	172.4865	1.097009	1.499667	5.282199
2310	-5889.058	-6061.437	172.3786	1.151882	1.591908	5.274951
2316	-5887.226	-6060.004	172.7784	1.090012	1.405598	5.163812
2322	-5878.928	-6052.093	173.1651	1.139027	1.405598	4.92199
2328	-5893.657	-6068.731	175.0743	1.327126	1.343536	3.763508
2334	-5883.474	-6054.373	170.8988	0.9726389	1.311615	6.298909
2340	-5887.591	-6059.262	171.6715	1.002222	1.48735	5.787285
2346	-5878.651	-6050.668	172.0171	1.093373	1.187058	5.680375
2352	-5878.121	-6051.651	173.5301	1.127894	1.235336	4.801713
2358	-5884.182	-6057.223	173.0407	1.086522	1.460411	4.997174
2364	-5887.894	-6061.311	173.4166	1.158643	1.34365	4.798021
2370	-5883.657	-6057.198	173.5412	1.187279	1.286073	4.738516
2376	-5871.285	-6043.544	172.2588	1.144772	1.457302	5.39883
2382	-5880.258	-6051.425	171.1662	1.037722	1.063596	6.236896
2388	-5887.508	-6059.489	171.9806	1.037722	1.263263	5.695016
2394	-5891.045	-6062.804	171.7589	0.9652994	1.354748	5.815216
2400	-5885.347	-6056.379	171.0319	0.9695213	1.454848	6.16738
2406	-5888.577	-6059.566	170.9891	1.032603	1.428069	6.16738
2412	-5888.698	-6059.382	170.684	1.077118	1.428069	6.309027
2418	-5887.563	-6060.654	173.0911	1.188683	1.389998	4.942237
2424	-5892.145	-6064.606	172.4605	1.131885	1.534615	5.26322
2430	-5878.799	-6051.93	173.1308	1.072833	1.534615	4.924322
2436	-5882.63	-6055.145	172.5157	1.111989	1.389805	5.303641
2442	-5884.999	-6055.669	170.6698	0.9831064	1.407244	6.376406
2448	-5888.872	-6060.524	171.6521	0.9831064	1.48508	5.809264
2454	-5884.579	-6057.481	172.9025	1.04428	1.38531	5.129118
2460	-5876.165	-6048.151	171.9863	1.046744	1.371189	5.638945
2466	-5883.17	-6053.874	170.7037	1.029859	1.51749	6.287793
2472	-5882.439	-6053.053	170.6143	1.029859	1.51312	6.338075
2478	-5884.244	-6053.771	169.5265	0.9605358	1.241345	7.078673
2484	-5886.515	-6058.432	171.9162	1.071102	1.378927	5.660661
2490	-5881.266	-6054.127	172.8607	0.9854259	1.393336	5.181415
2496	-5879.258	-6052.204	172.9461	1.089181	1.286897	5.123903
2502	-5884.185	-6057.502	173.3173	1.048789	1.337365	4.917371
2508	-5893.245	-6062.719	169.4737	0.8872373	1.222449	7.155158
2514	-5893.287	-6065.224	171.9363	0.9225855	1.265584	5.781279
2520	-5895.083	-6065.566	170.4836	1.010659	1.348363	6.487466
2526	-5892.541	-6064.864	172.3229	1.062598	1.467154	5.404732
2532	-5902.42	-6076.701	174.2806	1.235173	1.353112	4.265089
2538	-5898.251	-6072.208	173.957	1.235173	1.15212	4.543355
2544	-5892.529	-6066.809	174.2793	1.254328	1.392848	4.237266
2550	-5887.732	-6061.746	174.0146	1.224802	1.476309	4.367872
2556	-5885.016	-6058.589	173.5739	1.15684	1.305617	4.728308
2562	-5878.684	-6051.085	172.4008	1.178734	1.352936	5.346275
2568	-5884.452	-6056.976	172.5233	1.13119	1.525675	5.232521
2574	-5889.002	-6062.204	173.2024	1.050706	1.525675	4.900412
2580	-5878.474	-6050.004	171.5291	1.127327	1.5449	5.773797
2586	-5884.32	-6057.539	173.2195	1.197541	1.5449	4.801286
2592	-5898.463	-6071.024	172.5609	1.083335	1.255295	5.354635
2598	-5895.935	-6068.775	172.8395	1.117188	1.549372	5.055653
2604	-5897.731	-6069.966	172.2349	1.036791	1.471084	5.465767
2610	-5887.975	-6060.279	172.3033	1.214585	1.358046	5.378019
2616	-5889.709	-6060.767	171.0587	1.086653	1.409947	6.107585
2622	-5892.777	-6067.226	174.4486	1.289755	1.471653	4.086843
2628	-5895.155	-6068.287	173.1317	1.166947	1.434836	4.912563
2634	-5894.279	-6068.096	173.817	1.298034	1.506163	4.425557
2640	-5882.606	-6055.666	173.06	1.178119	1.880319	4.776877
2646	-5879.832	-6053.203	173.3711	1.184104	1.263746	4.845613
2652	-5879.115	-6051.588	172.4735	1.159716	1.34669	5.319378
2658	-5885.181	-6057.652	172.4704	1.045918	1.412856	5.355253
2664	-5888.546	-6060.866	172.3195	1.073731	1.595116	5.349445
2670	-5888.026	-6060.054	172.0279	1.114627	1.5297	5.513144
2676	-5882.652	-6054.468	171.8158	1.04899	1.324509	5.751551
2682	-5880.168	-6051.793	171.6254	1.071706	1.424448	5.800335
2688	-5881.984	-6054.043	172.0598	1.099782	1.395734	5.558902
2694	-5898.44	-6071.659	173.2182	1.099634	1.343251	4.94162
2700	-5886.331	-6059.155	172.8247	1.064735	1.5522	5.09186
2706	-5885.424	-6059.454	174.0308	1.150741	1.559669	4.366288
2712	-5889.213	-6061.424	172.211	1.018365	1.166686	5.625035
2718	-5882.928	-6055.224	172.2961	0.9815758	1.166686	5.598493
2724	-5883.379	-6055.382	172.0033	1.009281	1.166686	5.743861
2730	-5889.235	-6062.942	173.7067	1.164684	1.183007	4.707782
2736	-5885.294	-6058.136	172.8414	1.184311	1.27995	5.132377
2742	-5886.577	-6059.42	172.843	1.185992	1.993675	4.855466
2748	-5882.642	-6054.573	171.9306	1.113452	1.63797	5.525376
2754	-5875.986	-6047.372	171.3859	1.074692	1.417546	5.93254
2760	-5874.909	-6048.148	173.2392	1.110956	1.147246	5.016053
2766	-5874.632	-6043.846	169.2144	0.9437256	1.474559	7.155997
2772	-5874.92	-6044.741	169.821	0.9853877	1.448025	6.81754
2778	-5871.623	-6043.048	171.4253	0.9731272	1.461667	5.948214
2784	-5879.325	-6050.236	170.9111	0.97663	1.86935	6.075707
2790	-5873.206	-6044.361	171.1556	0.97663	1.505428	6.075707
2796	-5879.841	-6051.17	171.3293	1.059683	1.346413	6.001969
2802	-5870.255	-6042.043	171.7874	1.018615	1.265202	5.810403
2808	-5874.758	-6046.591	171.8335	1.12896	1.512465	5.618931
2814	-5877.992	-6051.185	173.1935	1.200944	1.439245	4.857337
2820	-5871.535	-6045.173	173.6381	1.141875	1.087957	4.807121
2826	-5880.276	-6054.557	174.2815	1.20833	1.650317	4.155866
2832	-5886.271	-6059.512	173.241	1.130217	1.410923	4.882342
2838	-5886.814	-6059.305	172.491	1.166213	1.781974	5.134294
2844	-5878.488	-6049.81	171.322	1.057638	1.416905	5.976971
2850	-5874.59	-6046.207	171.617	1.038022	1.791945	5.682966
2856	-5873.924	-6045.188	171.2641	0.9732355	1.286326	6.111221
2862	-5876.514	-6049.891	173.3774	1.089272	1.413143	4.828173
2868	-5885.316	-6058.568	173.2525	1.144499	1.361168	4.88963
2874	-5879.383	-6052.589	173.206	1.121962	1.460598	4.885409
2880	-5882.426	-6054.872	172.4461	1.107656	1.586273	5.264252
2886	-5893.973	-6066.902	172.9287	1.086131	1.344038	5.109484
2892	-5885.208	-6058.782	173.5742	1.159298	1.344038	4.709419
2898	-5883.094	-6056.608	173.5142	1.209033	1.356862	4.709419
2904	-5890.343	-6064.299	173.9557	1.179708	1.476465	4.426449
2910	-5883.097	-6055.736	172.6386	1.179708	1.333495	5.22298
2916	-5877.014	-6049.364	172.3503	1.076279	1.51949	5.360834
2922	-5881.592	-6054.29	172.6972	1.076279	1.599499	5.137561
2928	-5875.448	-6048.404	172.9558	1.125474	1.599499	4.966777
2934	-5876.317	-6049.27	172.953	1.117975	1.567057	4.985232
2940	-5883.52	-6057.117	173.5968	1.219508	1.222527	4.719383
2946	-5886.802	-6058.966	172.1635	1.219508	1.433132	5.420186
2952	-5881.783	-6054.635	172.852	1.114264	1.476233	5.07995
2958	-5883.091	-6055.784	172.6932	1.132091	1.160849	5.299875
2964	-5877.269	-6050.462	173.1933	1.146607	1.326365	4.936876
2970	-5878.017	-6049.951	171.9343	1.078198	1.328659	5.668779
2976	-5884.069	-6055.936	171.8674	1.111498	1.302114	5.699014
2982	-5879.452	-6050.948	171.496	1.06361	1.322375	5.919398
2988	-5885.347	-6056.793	171.4459	1.080154	1.364318	5.919398
2994	-5886.978	-6059.498	172.5202	1.193148	1.288541	5.301195
3000	-5887.116	-6059.319	172.2035	1.274369	1.599154	5.301195
3006	-5883.548	-6058.03	174.4817	1.317674	1.212383	4.170385
3012	-5869.439	-6042.422	172.9835	1.175421	1.528015	4.951888
3018	-5882.273	-6056.018	173.745	1.102169	1.351141	4.642557
3024	-5875.079	-6047.168	172.0892	1.100468	1.463777	5.513889
3030	-5874.176	-6046.028	171.8516	1.018345	1.373119	5.72753
3036	-5874.67	-6047.654	172.9841	1.129229	1.399418	5.030719
3042	-5873.122	-6045.734	172.6114	1.127569	1.399418	5.238077
3048	-5881.013	-6053.347	172.3341	1.068015	1.497582	5.383121
3054	-5887.389	-6060.677	173.2875	1.152899	1.715826	4.722453
3060	-5893.414	-6067.099	173.6849	1.152899	1.328157	4.658141
3066	-5896.019	-6069.329	173.3097	1.133208	1.430664	4.833976
3072	-5894.373	-6067.573	173.2002	1.151591	1.192501	4.9928
3078	-5887.717	-6060.437	172.7196	1.099942	1.22222	5.273362
3084	-5892.977	-6065.834	172.857	1.124477	1.417302	5.096206
3090	-5887.023	-6061.068	174.0453	1.227126	1.148426	4.500124
3096	-5892.526	-6066.025	173.499	1.218219	1.38881	4.698759
3102	-5887.381	-6061.156	173.7749	1.243395	1.569516	4.454398
3108	-5884.654	-6057.712	173.0587	1.105735	1.461856	4.975869
3114	-5883.376	-6057.518	174.1425	1.118535	1.53486	4.331387
3120	-5889.136	-6063.005	173.8694	1.118535	1.53486	4.48544
3126	-5883.697	-6056.37	172.673	1.064011	1.53486	5.183164
3132	-5881.519	-6055.699	174.1797	1.174844	1.20799	4.424254
3138	-5886.055	-6060.323	174.268	1.331817	1.573218	4.123727
3144	-5886.808	-6058.836	172.0276	1.054118	1.458478	5.575409
3150	-5889.583	-6060.87	171.2871	0.9520827	1.335947	6.088185
3156	-5893.26	-6066.743	173.4832	1.099167	1.316061	4.80642
3162	-5904.848	-6077.104	172.2566	1.065791	1.443001	5.449478
3168	-5893.778	-6065.927	172.1493	1.042769	1.623366	5.449478
3174	-5883.061	-6054.079	171.0181	1.037175	1.429228	6.148595
3180	-5883.093	-6055.383	172.2897	1.041753	1.462032	5.436583
3186	-5879.332	-6052.334	173.0024	1.118754	1.157851	5.137801
3192	-5878.911	-6052.048	173.1379	1.059309	1.15109	5.099018
3198	-5885.469	-6058.264	172.7955	1.181208	1.416883	5.099018
3204	-5884.816	-6057.331	172.5149	1.172735	1.416883	5.259005
3210	-5890.904	-6062.637	171.7326	1.06611	1.200663	5.844551
3216	-5885.899	-6058.465	172.5655	1.149355	1.487282	5.214626
3222	-5884.696	-6056.098	171.4014	1.114205	1.443959	5.891511
3228	-5879.337	-6051.604	172.2667	0.9990132	1.316172	5.535308
3234	-5875.639	-6046.559	170.9201	1.00008	1.256114	6.297409
3240	-5867.666	-6038.991	171.3248	1.04404	1.393329	5.992795
3246	-5892.502	-6063.361	170.8598	1.230359	1.480686	6.108545
3252	-5875.572	-6049.098	173.5262	1.230359	1.352071	4.692895
3258	-5874.547	-6048.337	173.7899	1.167007	1.363309	4.575632
3264	-5875.427	-6048.766	173.339	1.247184	1.59875	4.685441
3270	-5878.688	-6052.106	173.4182	1.297625	1.421371	4.685441
3276	-5876.484	-6049.428	172.9445	1.152058	1.208441	5.1267
3282	-5889.24	-6061.014	171.7748	0.9866632	1.694064	5.659699
3288	-5885.045	-6056.451	171.4054	1.030013	1.370721	5.966132
3294	-5898.082	-6070.04	171.9582	1.095485	1.428176	5.603372
3300	-5890.93	-6062.849	171.9188	1.108859	1.666452	5.523722
3306	-5897.54	-6070.27	172.7298	1.270184	1.502633	5.050437
3312	-5887.053	-6060.128	173.0757	1.066712	1.317886	5.050437
3318	-5879.849	-6051.659	171.81	1.082165	1.324873	5.736378
3324	-5881.229	-6053.436	172.2073	1.038177	1.324873	5.54256
3330	-5879.426	-6050.808	171.3814	1.073639	1.47757	5.910826
3336	-5875.959	-6047.337	171.3777	1.072147	1.624088	5.856347
3342	-5888.652	-6060.419	171.7669	1.031584	1.741142	5.62231
3348	-5888.701	-6061.373	172.6718	1.122615	1.790013	5.055389
3354	-5893.167	-6065.708	172.5408	1.235733	1.54107	5.158841
3360	-5898.032	-6071.891	173.8586	1.235733	1.515114	4.433564
3366	-5887.624	-6060.931	173.307	1.234887	1.515114	4.743596
3372	-5880.585	-6053.985	173.4005	1.244657	1.598959	4.652351
3378	-5887.979	-6061.838	173.8598	1.244657	1.208031	4.564932
3384	-5894.226	-6067.436	173.2105	1.114634	1.483768	4.877404
3390	-5891.053	-6062.984	171.9316	1.125543	1.461525	5.587635
3396	-5891.901	-6063.911	172.0101	1.079518	1.479077	5.562595
3402	-5896.404	-6069.585	173.1803	1.165366	1.615433	4.813367
3408	-5897.674	-6071.272	173.5973	1.170703	1.394031	4.668029
3414	-5896.195	-6067.709	171.5145	1.062518	1.394031	5.878826
3420	-5891.482	-6064.632	173.1499	1.080695	1.12983	5.091153
3426	-5886.637	-6059.542	172.9053	1.127004	1.363677	5.091153
3432	-5881.505	-6055.455	173.9498	1.290381	1.506544	4.354839
3438	-5880.959	-6055.35	174.3909	1.290381	1.471849	4.119279
3444	-5879.03	-6053.324	174.2933	1.263171	1.622397	4.128831
3450	-5887.023	-6061.663	174.6406	1.247818	1.643918	3.930924
3456	-5889.763	-6064.623	174.8593	1.340072	1.512272	3.805762
3462	-5890.254	-6064.504	174.2501	1.225314	1.149621	4.385157
3468	-5888.137	-6062.123	173.9857	1.226013	1.47228	4.385157
3474	-5892.331	-6064.066	171.7356	1.094738	1.807624	5.581286
3480	-5888.634	-6059.23	170.5963	0.951322	1.628495	6.346105
3486	-5888.532	-6060.231	171.6988	0.9801892	1.547991	5.760251
3492	-5883.421	-6056.201	172.7805	1.090766	1.597381	5.084233
3498	-5885.178	-6057.249	172.0712	1.069788	1.768257	5.424307
3504	-5880.57	-6053.088	172.5174	1.032094	1.534029	5.287166
3510	-5877.521	-6049.039	171.518	1.139967	1.595678	5.753243
3516	-5878.907	-6049.89	170.9829	1.104307	1.425394	6.132797
3522	-5887.69	-6059.099	171.4093	1.058926	1.531597	5.882009
3528	-5886.597	-6059.14	172.5434	1.078253	1.320228	5.337476
3534	-5879.432	-6052.628	173.1963	1.167886	1.567615	4.821759
3540	-5886.398	-6056.738	170.3401	1.079771	1.388492	6.51062
3546	-5888.282	-6060.174	171.8922	1.101748	1.384495	5.654676
3552	-5893.155	-6065.796	172.6409	1.15306	1.470103	5.177953
3558	-5894.288	-6066.783	172.4956	1.15306	1.675167	5.177953
3564	-5891.174	-6063.564	172.3907	1.06133	1.199603	5.48677
3570	-5884.11	-6056.147	172.0365	1.113437	1.49818	5.521683
3576	-5888.545	-6061.079	172.5333	1.154423	1.534877	5.210417
3582	-5889.594	-6061.994	172.4003	1.061207	1.582076	5.316819
3588	-5886.047	-6058.479	172.432	1.133617	1.439623	5.316819
3594	-5887.949	-6059.81	171.8612	1.006931	1.389996	5.721262
3600	-5894.284	-6065.879	171.5952	1.094118	1.63479	5.721262
3606	-5885.248	-6058.253	173.0052	1.10309	1.397373	5.034363
3612	-5882.785	-6055.37	172.5847	1.097274	1.363864	5.284942
3618	-5883.342	-6055.991	172.6487	1.097274	1.640454	5.137123
3624	-5880.015	-6051.737	171.7226	1.046295	1.369413	5.784458
3630	-5880.738	-6054.519	173.7812	1.124103	1.55805	4.52253
3636	-5883.113	-6055.855	172.7421	1.092803	1.440271	5.16772
3642	-5893.353	-6066.081	172.7279	1.092803	1.492926	5.153769
3648	-5885.884	-6057.946	172.062	1.093333	1.39561	5.561297
3654	-5885.119	-6058.672	173.553	1.097818	1.292214	4.779081
3660	-5886.249	-6059.66	173.4111	1.18649	1.431918	4.747085
3666	-5886.245	-6059.126	172.8815	1.194178	1.986004	4.831998
3672	-5882.909	-6054.537	171.6275	1.110547	1.676498	5.678977
3678	-5884.227	-6058.321	174.094	1.146322	1.15638	4.514155
3684	-5884.477	-6055.965	171.4883	1.048083	1.220508	5.978444
3690	-5877.964	-6050.605	172.6407	1.048083	1.406216	5.262923
3696	-5875.758	-6048.238	172.4795	1.106809	1.374352	5.333168
3702	-5884.886	-6055.545	170.6596	0.9941704	1.374352	6.389817
3708	-5886.153	-6057.804	171.6512	0.9053944	1.553625	5.825004
3714	-5873.27	-6044.781	171.5109	1.072926	1.114295	6.004112
3720	-5876.492	-6047.8	171.3076	1.084646	1.389272	5.981731
3726	-5870.635	-6042.934	172.2993	1.029343	1.771498	5.319724
3732	-5869.163	-6040.789	171.6262	1.077357	1.751553	5.670633
3738	-5872.158	-6044.426	172.2673	1.078531	1.305961	5.495817
3744	-5877.628	-6048.62	170.9921	1.029454	1.270119	6.235941
3750	-5874.625	-6046.592	171.9664	1.070717	1.42131	5.615328
3756	-5880.016	-6052.907	172.8914	1.096373	1.473951	5.068962
3762	-5878.855	-6051.689	172.8342	1.146921	1.184934	5.201978
3768	-5882.085	-6055.73	173.6447	1.180971	1.430817	4.619854
3774	-5888.845	-6061.155	172.31	1.194742	1.555222	5.30348
3780	-5889.795	-6063.342	173.5463	1.135214	1.280248	4.767469
3786	-5883.153	-6055.819	172.6655	1.135214	1.209736	5.289723
3792	-5892.997	-6065.988	172.9911	1.250094	1.384531	4.966097
3798	-5898.139	-6072.067	173.9282	1.195892	1.384531	4.472253
3804	-5886.206	-6059.563	173.3568	1.175145	1.60589	4.712985
3810	-5882.014	-6054.704	172.6902	1.139996	1.686981	5.072972
3816	-5882.658	-6056.434	173.776	1.213394	1.686981	4.425047
3822	-5881.296	-6054.916	173.6199	1.174861	1.915266	4.452724
3828	-5880.166	-6053.136	172.9697	1.174861	1.440348	4.995959
3834	-5890.474	-6062.223	171.7495	1.111256	1.721239	5.595282
3840	-5897.526	-6069.868	172.3412	1.110952	1.637201	5.300867
3846	-5893.113	-6065.629	172.5159	1.1211	1.520953	5.244038
3852	-5881.93	-6054.308	172.3784	1.072222	1.464157	5.370027
3858	-5883.195	-6055.065	171.87	1.10561	1.480742	5.62454
3864	-5876.969	-6048.931	171.962	1.074072	1.400888	5.62454
3870	-5877.116	-6049.643	172.5265	1.074072	1.411715	5.309256
3876	-5886.305	-6056.897	170.592	0.9978952	1.364791	6.428552
3882	-5891.379	-6062.701	171.3225	0.9978952	1.392026	6.019761
3888	-5895.61	-6065.833	170.2229	1.042895	1.709765	6.469111
3894	-5882.623	-6053.936	171.3133	1.077753	1.209241	6.062996
3900	-5895.299	-6066.691	171.3915	1.11399	1.082531	6.062996
3906	-5885.958	-6059.571	173.6133	1.198607	1.585346	4.564173
3912	-5877.603	-6051.409	173.8062	1.193042	1.394854	4.537975
3918	-5881.258	-6054.954	173.6958	1.212141	1.516284	4.537975
3924	-5880.798	-6054.642	173.8436	1.135046	1.421563	4.537975
3930	-5875.485	-6049.936	174.4509	1.237958	1.646804	4.04389
3936	-5878.742	-6052.277	173.5353	1.210788	1.587553	4.60025
3942	-5882.463	-6056.444	173.9806	1.076437	1.467806	4.474243
3948	-5887.662	-6060.569	172.9073	1.159612	1.196422	5.148939
3954	-5887.467	-6061.054	173.587	1.147161	1.247148	4.753536
3960	-5897.422	-6069.864	172.442	1.136188	1.448413	5.306222
3966	-5901.334	-6073.296	171.9619	1.146943	1.438124	5.568946
3972	-5894.088	-6065.995	171.9068	1.099345	1.578473	5.568946
3978	-5888.087	-6059.546	171.4593	1.008607	1.399882	5.935962
3984	-5889.141	-6060.33	171.1885	1.093228	1.59393	5.959627
3990	-5888.026	-6060.968	172.9422	1.252782	1.74139	4.850085
3996	-5886.696	-6059.081	172.3847	1.12053	1.32407	5.39996
4002	-5897.367	-6067.9	170.5322	1.12053	1.223931	6.457308
4008	-5893.435	-6066.206	172.7711	1.051852	1.158108	5.302541
4014	-5887.099	-6059.393	172.2944	1.011641	1.258799	5.539177
4020	-5881.586	-6053.585	171.9993	1.06552	1.572135	5.539177
4026	-5881.906	-6053.311	171.4043	0.9855446	1.342957	6.002978
4032	-5887.417	-6059.305	171.8881	1.072317	1.342957	5.691037
4038	-5900.14	-6071.817	171.6768	1.047763	1.341341	5.820886
4044	-5896.585	-6068.35	171.7647	1.010804	1.406182	5.765111
4050	-5890.981	-6064.635	173.6543	1.200697	1.49358	4.577054
4056	-5894.937	-6066.921	171.9838	1.200697	1.637356	5.448331
4062	-5895.236	-6069.315	174.0788	1.13075	1.48307	4.38185
4068	-5902.887	-6073.487	170.6008	1.076817	1.636768	6.272377
4074	-5902.548	-6072.731	170.1837	0.9296064	1.428188	6.659917
4080	-5898.462	-6070.662	172.1998	1.014817	1.277726	5.580722
4086	-5889.382	-6061.256	171.8733	0.9899555	1.282398	5.771251
4092	-5897.471	-6069.339	171.8686	0.9692118	1.31338	5.771251
4098	-5895.723	-6068.546	172.8231	1.120426	1.396388	5.126163
4104	-5888.448	-6061.426	172.9785	1.059467	1.278698	5.126163
4110	-5886.538	-6056.726	170.1878	1.0074	1.58804	6.552372
4116	-5887.58	-6057.797	170.2168	0.931855	1.586584	6.578111
4122	-5886.008	-6058.506	172.4978	1.088052	1.253224	5.387788
4128	-5894.368	-6066.767	172.3988	1.088052	1.374911	5.387788
4134	-5888.286	-6061.473	173.1863	1.069285	1.3351	4.979845
4140	-5885.067	-6057.504	172.4364	1.112498	1.315039	5.379945
4146	-5891.603	-6064.032	172.4289	1.120016	1.315039	5.379945
4152	-5893.187	-6066.002	172.8156	1.066338	1.025139	5.338759
4158	-5886.032	-6058.728	172.6955	1.066338	1.212513	5.309866
4164	-5898.467	-6070.84	172.3736	1.087625	1.600408	5.309866
4170	-5891.846	-6064.17	172.3241	1.087625	1.672618	5.309866
4176	-5892.077	-6064.547	172.4697	1.126592	1.539854	5.259007
4182	-5885.524	-6058.349	172.8248	1.119915	1.513572	5.076655
4188	-5886.386	-6059.239	172.853	1.139338	1.166761	5.204678
4194	-5886.317	-6059.214	172.8969	1.193699	1.53048	4.988836
4200	-5889.432	-6061.708	172.2757	1.103663	1.348248	5.458616
4206	-5888.031	-6061.201	173.1702	1.135743	1.348248	4.945988
4212	-5886.261	-6057.799	171.5376	0.9685546	1.198042	6.005572
4218	-5889.521	-6059.784	170.2628	1.037997	1.160992	6.677616
4224	-5890.717	-6064.034	173.3172	1.103252	1.48702	4.822921
4230	-5896.496	-6070.208	173.712	1.103252	1.485798	4.602566
4236	-5893.739	-6068.014	174.2751	1.157707	1.495546	4.25042
4242	-5893.067	-6065.733	172.6661	1.067767	1.292004	5.288284
4248	-5874.421	-6047.016	172.595	1.088491	1.539243	5.211066
4254	-5888.132	-6059.211	171.0787	1.042147	1.384578	6.131654
4260	-5877.239	-6049.743	172.5039	1.06206	1.384578	5.339998
4266	-5873.688	-6045.033	171.3447	1.06206	1.314984	6.006088
4272	-5873.526	-6045.836	172.3097	1.118235	1.793822	5.25695
4278	-5883.529	-6056.567	173.0371	1.132206	1.396439	5.000902
4284	-5872.484	-6044.782	172.2982	1.10698	1.457492	5.397859
4290	-5876.336	-6049.841	173.505	1.106531	1.512006	4.70591
4296	-5871.837	-6044.02	172.1826	1.106531	1.212802	5.570021
4302	-5879.276	-6051.207	171.9305	1.071225	1.220815	5.723862
4308	-5880.835	-6053.836	173.0014	1.082692	1.429841	5.033966
4314	-5874.058	-6046.006	171.9472	1.120326	1.431224	5.594484
4320	-5879.575	-6051.637	172.0621	1.042437	1.383273	5.594484
4326	-5879.411	-6051.627	172.2153	1.083139	1.31468	5.517966
4332	-5903.841	-6075.673	171.8323	1.173584	1.272311	5.697691
4338	-5902.413	-6075.418	173.0045	1.173584	1.382016	5.002235
4344	-5893.959	-6067.142	173.1834	1.168583	1.382016	4.905564
4350	-5894.945	-6067.984	173.0393	1.132362	1.370642	5.010758
4356	-5888.819	-6061.218	172.3987	1.117667	1.231638	5.436148
4362	-5890.654	-6063.968	173.3135	1.117667	1.336183	4.881685
4368	-5895.411	-6067.131	171.7192	0.985835	1.602069	5.725029
4374	-5894.343	-6066.311	171.9676	1.097578	1.319748	5.643841
4380	-5897.438	-6068.523	171.085	1.025108	1.370928	6.143335
4386	-5892.532	-6064.65	172.1182	0.9984173	1.127507	5.706224
4392	-5892.086	-6063.846	171.7604	1.049647	1.392946	5.751847
4398	-5889.128	-6060.187	171.059	1.032021	1.23678	6.213425
4404	-5893.119	-6064.263	171.144	0.9403999	1.244601	6.213425
4410	-5887.226	-6058.928	171.7028	0.988156	1.244601	5.882824
4416	-5887.023	-6059.666	172.6431	1.104462	1.15265	5.34686
4422	-5887.28	-6061.888	174.6084	1.36449	1.30924	4.025279
4428	-5893.495	-6068.666	175.1712	1.36449	1.30924	3.701985
4434	-5883.86	-6060.06	176.2	1.34275	1.217495	3.157323
4440	-5883.23	-6058.818	175.588	1.31748	1.184592	3.548704
4446	-5888.407	-6063.932	175.5254	1.292323	1.24066	3.571611
4452	-5887.06	-6061.518	174.4575	1.304012	1.378966	4.114007
4458	-5894.805	-6068.635	173.8291	1.232845	1.381749	4.508452
4464	-5903.953	-6076.591	172.6381	1.237602	1.477593	5.12958
4470	-5887.578	-6061.31	173.7316	1.17971	1.454839	4.561614
4476	-5888.984	-6063.481	174.4968	1.183263	1.202489	4.242933
4482	-5896.346	-6068.03	171.6839	1.064323	1.306182	5.823511
4488	-5893.107	-6064.439	171.3322	1.009084	1.281825	6.056596
4494	-5888.201	-6061.344	173.1434	1.108162	1.448476	4.933035
4500	-5884.467	-6054.747	170.2806	1.077669	1.448476	6.519073
4506	-5880.749	-6053.537	172.788	1.093059	1.400553	5.158964
4512	-5880.239	-6051.908	171.6683	1.093059	1.760412	5.635766
4518	-5878.125	-6050.619	172.4939	1.155341	1.507437	5.242725
4524	-5878.751	-6051.897	173.1463	1.180239	1.607174	4.827241
4530	-5892.517	-6064.584	172.0671	1.115103	1.270544	5.601813
4536	-5888.484	-6059.857	171.3723	1.149161	1.545898	5.847244
4542	-5892.977	-6064.998	172.0218	1.149161	1.107189	5.686676
4548	-5893.76	-6065.381	171.6207	1.070915	1.308888	5.853233
4554	-5898.217	-6071.794	173.5773	1.24753	1.365907	4.648541
4560	-5894.21	-6067.312	173.102	1.238667	1.521282	4.853374
4566	-5898.076	-6072.002	173.9255	1.155012	1.359984	4.507682
4572	-5901	-6073.623	172.6229	1.184233	1.204344	5.288746
4578	-5890.512	-6064.1	173.5884	1.228919	1.549457	4.575437
4584	-5880.975	-6053.148	172.1726	1.098067	1.549457	5.434783
4590	-5881.922	-6054.23	172.3084	1.153917	1.544013	5.33135
4596	-5886.374	-6058.631	172.257	1.089548	0.9801692	5.657916
4602	-5888.667	-6063.404	174.7371	1.174618	1.030099	4.201658
4608	-5886.65	-6060.547	173.897	1.280613	1.585837	4.358
4614	-5884.916	-6057.4	172.4837	1.207448	1.281046	5.316847
4620	-5895.268	-6068.516	173.2475	1.23821	1.423089	4.813313
4626	-5885.777	-6057.882	172.1048	1.108509	1.455363	5.504369
4632	-5882.003	-6054.593	172.5897	1.102298	1.278594	5.317504
4638	-5888.332	-6060.783	172.4503	1.096482	1.532698	5.289215
4644	-5882.321	-6054.346	172.0245	1.178489	1.579456	5.460331
4650	-5879.019	-6051.331	172.3121	1.124999	1.492115	5.366084
4656	-5882.24	-6054.561	172.3212	1.078381	1.452327	5.40305
4662	-5884.171	-6056.422	172.2512	1.101718	1.809811	5.292766
4668	-5896.247	-6068.869	172.6217	1.023037	1.395611	5.291783
4674	-5888.674	-6059.896	171.2223	1.016314	1.330411	6.090916
4680	-5894.954	-6066.302	171.3479	0.982107	1.330411	6.04113
4686	-5892.545	-6065.05	172.5051	1.055148	1.330411	5.366812
4692	-5878.383	-6049.838	171.4556	1.032313	1.518131	5.876554
4698	-5883.41	-6055.583	172.1736	1.127516	1.172482	5.582801
4704	-5876.122	-6048.296	172.1735	1.05674	1.297188	5.56331
4710	-5883.216	-6054.782	171.5662	1.182648	1.535871	5.726779
4716	-5889.861	-6062.308	172.4471	1.114668	1.168475	5.441458
4722	-5886.787	-6058.409	171.622	1.066048	1.295367	5.861254
4728	-5888.888	-6060.829	171.9413	1.003332	1.349215	5.696953
4734	-5891.871	-6062.906	171.0351	1.067303	1.587754	6.059769
4740	-5889.74	-6062.102	172.3621	1.133333	1.43072	5.359252
4746	-5883.412	-6055.835	172.4229	1.091737	1.40567	5.359252
4752	-5890.489	-6060.814	170.3248	1.004457	1.692835	6.440874
4758	-5885.212	-6057.241	172.0281	1.004457	1.364272	5.642159
4764	-5881.913	-6053.698	171.7848	1.004457	1.362076	5.776459
4770	-5889.314	-6061.052	171.7384	1.04921	1.364114	5.776459
4776	-5885.194	-6057.03	171.8358	1.096	1.653848	5.581081
4782	-5886.128	-6058.902	172.7738	1.183761	1.368447	5.130485
4788	-5881.381	-6054.093	172.7118	1.118334	1.632604	5.093484
4794	-5889.411	-6062.191	172.7796	1.215952	1.405312	5.093484
4800	-5902.877	-6074.228	171.3511	1.079165	1.276317	6.010611
4806	-5901.567	-6074.369	172.8022	1.067743	1.579213	5.092016
4812	-5895.834	-6068.64	172.8057	1.079402	1.182027	5.25646
4818	-5893.793	-6064.453	170.6601	0.9989026	1.776878	6.231944
4824	-5896.859	-6069.808	172.9485	1.19056	1.388791	5.020987
4830	-5895.901	-6066.946	171.0444	1.023542	1.209142	6.238886
4836	-5895.202	-6065.282	170.08	0.9153172	1.31299	6.772654
4842	-5902.925	-6076.745	173.8203	1.182977	1.543263	4.473402
4848	-5900.887	-6072.603	171.7155	1.146076	1.403077	5.719283
4854	-5897.482	-6069.3	171.8186	1.146076	1.193378	5.757186
4860	-5888.455	-6060.842	172.387	1.097505	1.020792	5.559896
4866	-5889.237	-6061.341	172.1041	1.199379	1.217547	5.559896
4872	-5891.159	-6062.633	171.4745	1.007237	1.433841	5.914194
4878	-5885.514	-6056.17	170.6561	0.995069	1.561878	6.315166
4884	-5886.671	-6059.069	172.3989	1.09675	1.319323	5.407384
4890	-5886.206	-6057.703	171.4977	0.9989775	1.444876	5.901454
4896	-5909.69	-6080.292	170.6022	0.9068725	1.898029	6.272106
4902	-5886.469	-6058.893	172.424	1.169704	1.5654	5.250356
4908	-5889.021	-6061.424	172.4026	1.094058	1.22007	5.452433
4914	-5889.842	-6061.217	171.3751	1.009008	1.471364	5.952054
4920	-5888.508	-6060.763	172.255	1.053085	1.343187	5.500061
4926	-5888.138	-6061.466	173.3286	1.140766	1.55742	4.767059
4932	-5887.915	-6059.845	171.9292	1.082015	1.28558	5.688748
4938	-5887.853	-6060.325	172.4721	1.006888	1.30922	5.421085
4944	-5877.644	-6049.249	171.6054	1.064821	1.3084	5.86515
4950	-5893.715	-6066.002	172.2863	0.9973491	1.172812	5.592224
4956	-5883.672	-6054.288	170.6154	0.9729086	1.174741	6.51545
4962	-5888.475	-6059.242	170.7669	0.9729086	1.497987	6.292148
4968	-5887.689	-6059.068	171.3792	1.090769	1.536943	5.878901
4974	-5882.416	-6055.105	172.6898	1.078603	1.226867	5.299418
4980	-5880.615	-6053.135	172.5196	1.122969	1.38064	5.299418
4986	-5888.054	-6060.995	172.9415	1.112478	1.221077	5.144283
4992	-5893.835	-6067.044	173.2098	1.158533	1.221077	4.969825
4998	-5877.993	-6051.588	173.5955	1.172669	1.221077	4.747003
5004	-5869.351	-6043.138	173.7866	1.135464	1.356391	4.598247
5010	-5876.859	-6048.712	171.8525	1.126733	1.30962	5.69548
5016	-5868.659	-6040.4	171.7416	1.095954	1.399175	5.734105
5022	-5869.738	-6042.878	173.1399	1.12	1.278048	5.003317
5028	-5871.481	-6043.243	171.7619	1.006036	1.238615	5.843501
5034	-5867.123	-6038.397	171.2742	1.014742	1.389296	6.038078
5040	-5871.823	-6043.116	171.2932	1.062591	1.305555	6.038078
5046	-5865.545	-6038.31	172.7651	1.062591	1.368385	5.202426
5052	-5866.835	-6039.162	172.3271	1.06518	1.55669	5.364952
5058	-5868.845	-6039.502	170.6569	0.9632407	1.24982	6.463024
5064	-5886.582	-6057.169	170.5867	0.9409696	1.728298	6.320469
5070	-5879.638	-6052.465	172.8271	1.093857	1.26603	5.196787
5076	-5885.431	-6058.865	173.4331	1.154319	1.418349	4.758526
5082	-5892.124	-6063.778	171.6537	1.081244	1.415456	5.783449
5088	-5888.686	-6062.149	173.4631	1.257075	1.521647	4.641161
5094	-5893.084	-6065.396	172.3127	1.105239	1.398343	5.415681
5100	-5883.743	-6055.087	171.344	1.046062	1.318749	6.013532
5106	-5889.667	-6061.2	171.5331	1.017507	1.846447	5.721299
5112	-5882.046	-6054.748	172.7021	1.092494	1.084004	5.355693
5118	-5876.715	-6048.153	171.4379	1.058806	1.520141	5.870946
5124	-5878.448	-6050.04	171.5917	1.082751	1.528971	5.770215
5130	-5884.313	-6057.178	172.8648	1.149265	1.05149	5.251622
5136	-5880.65	-6053.132	172.4822	1.194331	1.469808	5.243032
5142	-5880.956	-6051.086	170.1298	0.9729745	1.419462	6.669238
5148	-5881.84	-6054.137	172.297	0.9735398	1.205007	5.583938
5154	-5883.028	-6054.837	171.8095	1.170389	1.630659	5.563369
5160	-5874.274	-6047.522	173.2478	1.272398	1.436577	4.78835
5166	-5872.132	-6045.077	172.9445	1.177278	1.579571	4.95206
5172	-5883.81	-6056.75	172.94	1.208135	1.687145	4.89621
5178	-5877.769	-6052.158	174.3882	1.207402	1.40889	4.195063
5184	-5874.884	-6047.822	172.9373	1.189318	1.36601	5.037797
5190	-5884.715	-6056.781	172.0665	1.0317	1.95781	5.383074
5196	-5887.611	-6059.974	172.3627	1.036983	1.442044	5.407296
5202	-5883.164	-6056.215	173.0509	1.09635	1.345991	5.035208
5208	-5881.437	-6054.779	173.3416	1.107794	1.253399	4.909459
5214	-5883.548	-6056.672	173.1239	1.107794	1.541918	4.905788
5220	-5886.534	-6058.828	172.2943	1.117124	1.366779	5.432866
5226	-5888.278	-6061.067	172.7894	1.160095	1.221671	5.201802
5232	-5877.041	-6049.54	172.4985	1.116992	1.37182	5.318174
5238	-5878.871	-6051.323	172.4526	1.197989	1.357152	5.305204
5244	-5891.809	-6065.931	174.1221	1.221833	1.440074	4.324133
5250	-5887.981	-6059.9	171.9189	1.019389	1.351925	5.699254
5256	-5893.988	-6066.397	172.4098	1.131722	1.309374	5.386542
5262	-5894.806	-6066.73	171.9244	0.9600889	1.117542	5.838317
5268	-5896.761	-6069.646	172.8849	1.083198	1.542062	5.05223
5274	-5895.313	-6067.922	172.6092	1.15191	1.311194	5.26454
5280	-5877.419	-6050.42	173.0003	1.096107	1.186668	5.137317
5286	-5875.977	-6047.699	171.7216	0.9819479	1.352955	5.827335
5292	-5874	-6045.645	171.6448	1.072052	1.18299	5.897732
5298	-5885.604	-6057.049	171.4451	1.073459	1.493173	5.869802
5304	-5884.74	-6056.571	171.8314	1.132361	1.511508	5.618611
5310	-5886.319	-6058.059	171.7397	1.082666	1.387113	5.747586
5316	-5886.968	-6059.62	172.6525	1.117457	1.049435	5.387436
5322	-5902.469	-6075.622	173.1533	1.085776	1.049435	5.128258
5328	-5894.115	-6066.564	172.4488	1.080891	1.184009	5.451521
5334	-5903.578	-6075.716	172.138	1.161488	1.355634	5.499302
5340	-5885.061	-6059.171	174.1096	1.229807	1.390231	4.34832
5346	-5877.034	-6051.415	174.3815	1.212259	1.115214	4.33602
5352	-5876.158	-6049.486	173.3283	1.212259	1.557762	4.727125
5358	-5869.303	-6042.734	173.4309	1.23071	1.394998	4.727125
5364	-5875.107	-6049.356	174.2485	1.23071	1.590322	4.18547
5370	-5874.387	-6049.484	175.0964	1.269175	1.094017	3.907939
5376	-5881.151	-6055.004	173.8533	1.269175	1.464182	4.438889
5382	-5883.038	-6056.662	173.6247	1.279535	1.779239	4.438889
5388	-5880.165	-6052.08	171.9148	1.029855	1.497822	5.634618
5394	-5887.134	-6059.495	172.361	1.007427	1.453515	5.41975
5400	-5890.568	-6064.581	174.0125	1.209223	1.205657	4.500167
5406	-5886.126	-6058.656	172.5299	1.165278	2.167196	4.986298
5412	-5879.404	-6052.311	172.9067	1.160211	1.508347	5.010974
5418	-5891.031	-6065.126	174.0953	1.245825	1.342903	4.368486
5424	-5885.476	-6059.623	174.1469	1.131378	1.423241	4.368486
5430	-5891.726	-6066.324	174.5982	1.215887	1.504132	4.02997
5436	-5888.319	-6061.582	173.2632	1.231618	1.298867	4.863075
5442	-5893.245	-6066.361	173.1163	1.163563	1.358411	4.956015
5448	-5889.395	-6063.58	174.1849	1.236164	1.469897	4.267816
5454	-5880.265	-6054.012	173.7469	1.161371	1.261476	4.649374
5460	-5882.935	-6056.867	173.9322	1.135117	1.082451	4.649374
5466	-5892.583	-6066.66	174.0769	1.329385	1.290822	4.355537
5472	-5890.367	-6060.665	170.298	1.000377	1.383078	6.578679
5478	-5883.198	-6054.129	170.9303	1.017405	1.249484	6.285464
5484	-5892.174	-6063.664	171.4901	1.012402	1.136742	6.037296
5490	-5884.307	-6055.644	171.3378	1.008307	1.388614	6.00718
5496	-5887.393	-6058.056	170.6627	1.003358	1.180656	6.47051
5502	-5883.311	-6054.257	170.9454	1.00488	1.456992	6.194286
5508	-5875.306	-6048.83	173.5243	1.098545	1.333387	4.776031
5514	-5876.255	-6047.941	171.6868	1.072563	1.534218	5.721637
5520	-5871.441	-6045.812	174.3712	1.224771	1.255523	4.264904
5526	-5886.904	-6059.629	172.7249	1.182151	1.255523	5.209345
5532	-5884.374	-6057.908	173.5345	1.230066	1.535855	4.610519
5538	-5877.32	-6050.83	173.5094	1.198602	1.696074	4.579876
5544	-5878.056	-6050.135	172.0792	1.131019	1.450373	5.508092
5550	-5880.702	-6054.762	174.0596	1.161283	1.495638	4.370214
5556	-5881.428	-6054.671	173.2432	1.213719	1.7832	4.688693
5562	-5871.569	-6044.586	173.0168	1.177318	1.539253	4.927793
5568	-5882.806	-6055.636	172.8301	1.126944	1.376332	5.127328
5574	-5874.788	-6047.621	172.8322	1.072662	1.444119	5.127328
5580	-5873.126	-6046.247	173.1209	1.162684	1.672785	4.826133
5586	-5869.494	-6043.002	173.508	1.103567	1.458363	4.728107
5592	-5872.48	-6044.329	171.8489	1.125669	1.307571	5.69893
5598	-5875.413	-6046.609	171.1955	1.055757	1.288391	6.102678
5604	-5880.749	-6052.683	171.9338	1.017475	1.402518	5.670378
5610	-5904.232	-6078.426	174.1943	1.175259	1.303036	4.370631
5616	-5890.935	-6064.753	173.8176	1.164991	1.339781	4.571706
5622	-5885.897	-6057.177	171.2803	1.086277	1.321954	6.024895
5628	-5897.114	-6067.907	170.7935	1.013807	1.422433	6.286278
5634	-5897.239	-6069.245	172.0055	1.042953	1.422433	5.608634
5640	-5889.916	-6064.035	174.1192	1.242056	1.036361	4.509184
5646	-5883.233	-6056.992	173.7584	1.12279	1.055683	4.767731
5652	-5882.118	-6055.254	173.1362	1.216208	1.512588	4.85037
5658	-5884.315	-6057.769	173.4541	1.160535	1.512588	4.703952
5664	-5881.59	-6054.231	172.6411	1.143317	1.458487	5.188051
5670	-5886.284	-6059.948	173.6639	1.152448	1.29795	4.68393
5676	-5878.159	-6050.575	172.4162	1.121329	1.190958	5.443886
5682	-5875.302	-6048.06	172.7577	1.132522	1.388219	5.159236
5688	-5878.021	-6050.837	172.8163	1.150281	1.292788	5.159236
5694	-5877.679	-6050.109	172.4296	1.13483	1.226087	5.412284
5700	-5881.875	-6055.581	173.7062	1.078235	1.12177	4.787129
5706	-5883.15	-6055.998	172.8476	1.079622	1.157254	5.245362
5712	-5908.557	-6081.49	172.9328	1.185036	1.443227	5.009554
5718	-5895.908	-6068.463	172.5554	1.125243	1.460853	5.244466
5724	-5888.722	-6061.068	172.3462	1.026847	1.279945	5.492644
5730	-5877.451	-6049.849	172.3984	1.032792	1.353351	5.427842
5736	-5882.692	-6054.115	171.4231	1.028762	1.566277	5.877376
5742	-5888.708	-6059.576	170.8681	0.9470551	1.446899	6.271895
5748	-5896.719	-6069.492	172.7726	1.071674	1.848467	5.007221
5754	-5884.561	-6057.591	173.0296	1.069736	1.473552	5.007221
5760	-5887.176	-6059.712	172.5356	1.124199	1.630798	5.188503
5766	-5894.341	-6066.482	172.1407	1.090231	1.691581	5.402551
5772	-5900.113	-6072.949	172.8364	1.124612	1.806583	4.956989
5778	-5898.732	-6071.62	172.8874	1.124612	1.687907	4.971662
5784	-5884.717	-6057.678	172.9613	1.141285	1.771123	4.890855
5790	-5877.35	-6050.564	173.2133	1.106807	1.554554	4.851501
5796	-5874.224	-6046.422	172.1979	1.063755	1.426813	5.489637
5802	-5888.36	-6061.611	173.2513	1.178717	1.384915	4.860823
5808	-5884.277	-6057.535	173.258	1.071987	1.547179	4.848958
5814	-5882.619	-6055.157	172.5373	1.160256	1.457119	5.236649
5820	-5884.145	-6056.733	172.5883	1.088905	1.47849	5.239061
5826	-5883.935	-6056.82	172.8851	0.9858606	1.271473	5.221922
5832	-5878.339	-6048.04	169.701	0.9134803	1.312025	6.978431
5838	-5884.668	-6055.761	171.0929	0.9134803	1.425888	6.176574
5844	-5878.357	-6050.007	171.6496	0.967148	1.430533	5.841757
5850	-5881.817	-6053.911	172.0944	1.046751	1.157112	5.678101
5856	-5881.526	-6053.722	172.196	1.041271	1.220191	5.594976
5862	-5876.174	-6048.077	171.9034	1.051406	1.233104	5.743799
5868	-5879.632	-6051.189	171.557	1.078602	1.653151	5.743799
5874	-5880.232	-6051.912	171.6792	1.059269	1.507372	5.743799
5880	-5885.092	-6058.49	173.3979	1.127306	1.392431	4.804459
5886	-5888.284	-6059.419	171.1344	1.028475	1.701475	5.98442
5892	-5883.261	-6055.747	172.4857	1.148259	1.458778	5.271083
5898	-5876.117	-6048.476	172.3589	1.104969	1.510321	5.343929
5904	-5882.666	-6055.26	172.5938	1.122897	1.510321	5.204249
5910	-5880.71	-6053.594	172.8843	1.178321	1.640329	4.961466
5916	-5884.615	-6056.567	171.9517	1.108286	1.483528	5.577048
5922	-5882.219	-6054.84	172.6215	1.156721	1.491069	5.178068
5928	-5880.884	-6053.544	172.6604	1.153366	1.73259	5.065329
5934	-5885.259	-6057.628	172.3696	1.153366	1.329225	5.387914
5940	-5893.211	-6063.815	170.6035	0.9924001	1.350868	6.431283
5946	-5888.949	-6059.55	170.6005	0.9417089	1.39463	6.441708
5952	-5885.556	-6057.233	171.6761	1.01998	1.418801	5.803311
5958	-5897.83	-6070.068	172.2385	1.066345	1.474192	5.446229
5964	-5896.114	-6068.379	172.2658	1.08891	1.142231	5.568283
5970	-5890.122	-6060.358	170.2357	1.021253	1.52142	6.544709
5976	-5888.284	-6060.058	171.7743	1.123898	1.426866	5.689226
5982	-5899.012	-6069.934	170.9217	0.99259	1.222452	6.316124
5988	-5900.778	-6073.004	172.2257	1.089934	1.422434	5.461808
5994	-5892.912	-6065.202	172.2903	1.031964	1.413712	5.461808
6000	-5893.587	-6064.254	170.667	1.033413	1.461217	6.32836
6006	-5887.183	-6058.112	170.9288	1.034366	1.372335	6.222659
6012	-5887.237	-6059.163	171.9261	0.9191508	1.329456	5.760045
6018	-5895.845	-6068.918	173.0722	1.04853	1.413073	5.020732
6024	-5890.05	-6061.5	171.4498	0.9801485	1.367429	5.970522
6030	-5892.585	-6066.359	173.7749	1.205162	1.37224	4.558662
6036	-5894.513	-6068.781	174.2673	1.131066	1.415674	4.303884
6042	-5890.179	-6062.7	172.5212	1.144286	1.497076	5.23796
